--------------------------------------------------------------------------------
CPU name:	Intel(R) Core(TM) i5-7500 CPU @ 3.40GHz
CPU type:	Intel Coffeelake processor
CPU clock:	3.41 GHz
--------------------------------------------------------------------------------
32
2291.642542254986 -1761.427028754754 -87.5288138921123 -189.0231135113217 -323.5369243932098 238.3655814612235 -290.808839796573 2486.404383927318 -1690.485587022192 89.52858894346961 -572.7616158420561 -54.36801858604198 244.0955399544966 -420.2438441860181 2558.723107599743 -1635.104984302354 80.38153742652088 -552.6919230588062 -272.8802357335615 464.1345573137623 -150.8698517685255 1983.740916813143 -1344.383957220918 52.4902024252228 -657.8440903648569 -97.68307537660485 328.2733887171875 -80.33757153043653 1985.958811322864 -1442.13034735311 -181.8588504382106 -336.775560255849 
1024.1664
54377.9832292619
7.802248e-05
0.0075840377
0.18275303
--------------------------------------------------------------------------------
Region op1, Group 1: L2CACHE
+-------------------+----------+
|    Region Info    |  Core 0  |
+-------------------+----------+
| RDTSC Runtime [s] | 0.000005 |
|     call count    |        1 |
+-------------------+----------+

+-----------------------+---------+--------+
|         Event         | Counter | Core 0 |
+-----------------------+---------+--------+
|   INSTR_RETIRED_ANY   |  FIXC0  |  35082 |
| CPU_CLK_UNHALTED_CORE |  FIXC1  |  29438 |
|  CPU_CLK_UNHALTED_REF |  FIXC2  |  26980 |
| L2_TRANS_ALL_REQUESTS |   PMC0  |   2618 |
|     L2_RQSTS_MISS     |   PMC1  |    874 |
+-----------------------+---------+--------+

+----------------------+--------------+
|        Metric        |    Core 0    |
+----------------------+--------------+
|  Runtime (RDTSC) [s] | 4.926658e-06 |
| Runtime unhalted [s] | 8.641144e-06 |
|      Clock [MHz]     |    3717.0927 |
|          CPI         |       0.8391 |
|    L2 request rate   |       0.0746 |
|     L2 miss rate     |       0.0249 |
|     L2 miss ratio    |       0.3338 |
+----------------------+--------------+

Region op2, Group 1: L2CACHE
+-------------------+----------+
|    Region Info    |  Core 0  |
+-------------------+----------+
| RDTSC Runtime [s] | 0.000000 |
|     call count    |        1 |
+-------------------+----------+

+-----------------------+---------+--------+
|         Event         | Counter | Core 0 |
+-----------------------+---------+--------+
|   INSTR_RETIRED_ANY   |  FIXC0  |   4356 |
| CPU_CLK_UNHALTED_CORE |  FIXC1  |  10014 |
|  CPU_CLK_UNHALTED_REF |  FIXC2  |   9230 |
| L2_TRANS_ALL_REQUESTS |   PMC0  |   1727 |
|     L2_RQSTS_MISS     |   PMC1  |    494 |
+-----------------------+---------+--------+

+----------------------+--------------+
|        Metric        |    Core 0    |
+----------------------+--------------+
|  Runtime (RDTSC) [s] | 4.055177e-07 |
| Runtime unhalted [s] | 2.939480e-06 |
|      Clock [MHz]     |    3696.0933 |
|          CPI         |       2.2989 |
|    L2 request rate   |       0.3965 |
|     L2 miss rate     |       0.1134 |
|     L2 miss ratio    |       0.2860 |
+----------------------+--------------+

