--------------------------------------------------------------------------------
CPU name:	Intel(R) Core(TM) i5-7500 CPU @ 3.40GHz
CPU type:	Intel Coffeelake processor
CPU clock:	3.41 GHz
--------------------------------------------------------------------------------
512
-27.46967993820163 2.495827849941948 3.690525119520594 10.6809275995534 28.57495589500554 -1.513069944200304 -6.605698034294948 -18.78287539716328 8.949052632048518 2.279047487605889 3.339557871093513 36.37922290103381 -26.53329047102336 2.2865593297575 -9.087221965850327 0.2437312846644733 12.11493141859016 -15.33859918092936 42.46226647851041 -14.37489197210249 -5.420026591653366 -9.36445288931013 9.5696357862781 11.47882440769392 -14.50148166238874 42.90215211522329 -16.83201988005847 -7.431566745808097 -6.224139100021805 -14.42494341093758 13.15131801261022 8.450877066991131 39.27937642141792 -15.7406986160393 -22.2542721605937 -0.4827925634307635 -8.125258992428986 19.32975608914234 -8.476964161120913 29.37094930924032 12.65264943161093 -27.42286061727881 6.693594647790196 -11.05836748116882 9.488183093299456 -2.392879972851242 12.01214354364653 28.41614204511282 -34.06646276860253 14.89801007003409 -16.44281349087795 -4.810805216312428 18.88213731596667 1.430190551068626 35.59344237704128 -23.83319990326602 20.4054806166935 -8.502353735241176 -0.5486786816442814 9.49545966286218 -11.39514879277551 48.17564444104299 -24.60810417626276 30.07997934936476 -14.9938762778057 -20.05681449864737 17.51621194451394 -14.66263074197277 24.27193677365929 4.421422261167434 12.34678286539718 -12.97037695132117 -19.54896888128651 8.52257899345495 2.892010961677429 15.44926759953136 17.57812617039131 -0.7591397828459719 -10.2787183777988 -27.14510920920783 15.35423488733719 10.68193117588543 -13.14609551990507 36.71396822795995 -8.170020867994918 19.17797019513841 -44.08324120276944 1.784695054912494 25.67682716985444 -0.4105424138344705 23.50528512353532 -0.2854275119452314 0.374878233584617 -37.92392377326762 -11.83023653195798 32.44771777522689 11.38482573704176 13.75236984850507 18.07563339294438 -19.39834140334204 -26.97510538500497 -11.38970242144282 15.02906420638404 31.61837637039948 5.197826582181476 28.7425380502447 -25.53708703228271 -13.78586854398435 -21.66804489817342 10.43568894272654 24.89311142396621 12.58777090188907 22.69109031833684 -10.81775982946237 -17.63669322331827 -16.54047960153004 -9.153828253240929 18.23249150661902 25.59474356927028 0.4930012582789346 9.072172708925418 -15.19590390750901 1.285442523800109 -32.01049509631208 19.44479494210966 27.29055935021165 -14.0051606408289 15.79170621331853 -8.452716726256373 5.488892752317446 -19.1422423296961 15.06483771914744 4.871613872710655 13.12018654071456 9.702395616450834 -23.7575971954317 0.5356747574665531 -6.054611196877731 8.311139006057839 -2.054344981076408 25.85670441131694 5.086940518199754 10.04178158753479 -25.90847462237783 3.780701648363832 0.6263080394824733 4.790568911084138 18.5303625862268 7.89379509508616 7.742471134214918 -27.93275415896465 6.579388549079146 -18.65707934169324 8.669871875641368 4.47294105831562 23.36931274182127 14.46477030485569 -22.30697981647504 13.22768368087817 -41.17178378879039 22.8782193873083 10.97164328511709 28.08038859999168 -12.67267933399437 8.454706047235048 -8.198056976352811 -40.28378560646033 17.62862475843602 7.122243129860231 32.70245529801259 -5.095764481128492 0.607335009477643 -3.994225594101854 -41.71563642028056 22.02328548183123 -6.300348662000368 32.25224805618065 -6.893810929462222 21.90029957891322 7.85678951696849 -39.32230787573726 -0.6848277492819266 16.65040926672543 1.748515393576648 -7.04618282223917 30.6232962419228 1.578075337574381 -25.56970892463326 -0.8295557328351093 1.982549496468501 25.18866519575892 5.505211041523573 4.032897251327168 2.217014870730009 -12.99946894298341 -29.73732563339946 22.38294733477285 0.2968143814288879 12.01699948697869 28.9048482838615 -3.056632740325058 2.566489154267991 -31.94388566972911 14.18680198519141 -5.664776757663081 18.80314781720788 -2.543488529353509 -0.9212160579710389 -4.419610011883783 -8.371608612560577 -2.413053809247994 2.61209907662408 33.61942102620618 -21.21057177258606 3.981276246435722 0.8536244491771658 -4.694074908543307 2.733244259013694 10.27988862229264 19.46385506359864 -30.72217214587514 27.92696698627562 -22.46356139282316 1.658052595119048 -5.158785395874762 3.848383413161634 19.45697114471957 -11.58240693364607 18.88245772076472 -9.200499506987201 -13.61848224999173 2.971272693675318 11.76358218476291 13.63312402198381 -15.39612452441021 27.11751948870262 3.061594563941175 -26.01935002699987 15.94753261117095 9.678560525696316 -13.19224619657595 7.273938280896235 -5.370413629124898 12.53487451658966 -5.719959603355894 9.381833554504514 -6.060556511512074 2.198927683418211 25.24931689175005 -1.305635528830632 -16.92335706932841 2.371243165225297 12.61376642871999 -13.22899552607146 -24.06520830863417 32.72277373835891 17.90900042307466 -9.384599951875066 10.64052980335895 2.54311899857667 -29.32638252462192 5.540515627022899 8.615592446924596 22.65067010083882 -9.397865870854352 17.42979804274569 -20.02025397311421 -18.95667469161141 -10.4924538880284 27.90477903374842 28.33272591796081 -11.56802382918697 26.71563727748765 -18.55023735545477 -32.26333105871146 14.76249424698966 21.96447285273679 17.77940725845031 -13.58360310773122 23.35956104173432 -25.42895410039998 -7.761456633774364 -7.643942672319644 15.82034294267963 22.91087059855866 2.04869635865421 24.68296642355515 -20.87012636647195 -26.47727164297592 13.9928954775639 1.886523771972846 17.57678456911634 21.68709706280895 16.35669685283108 -28.95146545605962 -28.86291571931973 17.75037715939485 6.280017935331588 1.212603102315188 13.09505011524472 32.75890955242519 -23.17585634264102 -28.56511560876724 7.377617748708502 11.37833470582418 1.585425721903982 35.05040663130995 4.247852613390223 -16.97902093071922 -14.35933654042236 8.506037611614969 -15.06934820100598 1.888600268411062 38.70982225486853 14.4439359722237 -11.99196394599648 -10.37992929415172 3.590513758388366 -15.6995949018865 -9.930078667598407 50.75078692413182 -5.060626333435443 -8.869386043010504 5.935232975557364 11.06966501717798 -37.40754703638519 -4.763258778975861 35.9103655760342 2.098498927867921 6.371488551449204 20.10251304609084 -5.533908447221826 -29.81523033282538 -1.492846388273236 29.42905545211484 -16.45994598787944 1.43397813361474 29.46460572313747 -0.9363756019489109 -12.18390791642956 -3.212068356964571 5.941387559011306 -15.79115817564919 9.010716958555271 36.15593841022767 -0.5551000611231544 -11.64339833654635 -3.372812570599267 -11.19092617439361 -18.40764859016468 29.32664582538321 17.00495183232049 -8.42310708808894 0.6179649970475487 7.586723772879778 -25.74362389484092 -8.934999965489158 15.98159910861986 22.36399477126364 15.13465951202802 -12.8678006612491 8.542231612040178 -28.85213726518449 -4.015135995880581 11.00387625134272 1.950591258942642 19.35574760797346 6.808604841209079 9.745561983384944 -29.37024302441165 7.962824980687935 2.291061921179531 12.64788766330565 10.89382965571781 -6.328205641389821 1.103411916492277 -21.88246656373762 8.394252970051074 8.827793522537515 0.4729897456007625 17.30199300418289 8.781595746899614 -10.06531973998222 -20.77540045743083 4.051588424922727 -11.36916244232946 32.51313842133793 9.303548943014134 11.93150975755778 -16.5293979994802 2.870492367220592 -22.54834123552016 9.775210830105548 11.79022686648359 -8.733737795627086 9.360505962776768 10.58976687493129 -1.095887300808695 -0.9919234072574373 -4.225604059848217 7.137182379210507 -14.87457053707535 6.775751314930668 20.60051577227797 19.13199303088478 -30.87490527454541 11.75265457060593 -10.09247738143705 4.067307600924617 -15.28299661499218 33.78745644453772 0.7920622202791633 -0.4874345846734965 -8.285424140282288 4.478726580471261 3.749360001488752 -0.9108523326770417 19.60279569376434 -4.667724775067048 10.52404120794402 -4.939627753601 -3.740164585873058 -13.89923804922121 15.60178860609036 6.226600686782177 14.33679540725291 19.3198265231 -26.88078441951819 8.259712387229714 -24.07805280387081 40.27052658226111 -16.71728350796482 6.181678238850944 -3.789346939122443 6.385964562851464 -3.486594118559478 -22.40025135899561 36.11863886911377 -15.5571118379971 24.53444000893337 -16.12200357954675 13.51034188699431 -18.04673217176353 -13.65381578873524 29.99843753799473 11.08659042218818 10.60789438953123 -22.79035107684363 29.41086771897373 -25.95261828971725 -8.005201970198101 14.40760141144924 47.38480969536432 -20.97639022231219 0.6590986245051079 17.86650863674658 -16.41633918804957 -7.568361454040601 15.66757454598535 34.4711018425254 -22.20822035110455 -1.132356160822429 14.77126119920341 2.437729145054903 -24.9468699875607 16.24665235752123 27.43914348131432 -23.03879796608814 15.89011163092977 -4.199420553620232 -9.477594374512037 -17.18407625951459 45.63734712228712 -9.988133711197959 0.6121004067067356 22.37443990054874 -18.14305003091817 -13.98854040956069 0.7461482197394648 37.7956204513513 -18.0293767799109 -14.44237970787336 36.73898270974543 -6.112754605833458 -16.55232675599708 0.8032889645640234 28.33962872766245 -16.33021286176378 -3.164447401595566 31.75457000886966 -23.87038417491545 -23.6687581970384 10.62225149960791 19.86392106966272 -13.82343302663764 7.714370572661307 48.15701064287125 -39.07378474529256 -20.5342195967579 13.86105508117901 16.38016377169234 -18.02264813422719 23.90338138212496 33.96800371692957 -26.07033569302931 -11.21744186560469 2.600097389517367 18.38449263912212 -21.01664270603575 15.05836741322284 26.11223858812442 -21.0576670819013 
174.3018
3132.480242159681
0.00019001961
0.010730001
0.19820303
--------------------------------------------------------------------------------
Region op1, Group 1: L2CACHE
+-------------------+----------+
|    Region Info    |  Core 0  |
+-------------------+----------+
| RDTSC Runtime [s] | 0.000079 |
|     call count    |        1 |
+-------------------+----------+

+-----------------------+---------+--------+
|         Event         | Counter | Core 0 |
+-----------------------+---------+--------+
|   INSTR_RETIRED_ANY   |  FIXC0  | 340857 |
| CPU_CLK_UNHALTED_CORE |  FIXC1  | 302169 |
|  CPU_CLK_UNHALTED_REF |  FIXC2  | 278888 |
| L2_TRANS_ALL_REQUESTS |   PMC0  |  35396 |
|     L2_RQSTS_MISS     |   PMC1  |   1978 |
+-----------------------+---------+--------+

+----------------------+-----------+
|        Metric        |   Core 0  |
+----------------------+-----------+
|  Runtime (RDTSC) [s] |    0.0001 |
| Runtime unhalted [s] |    0.0001 |
|      Clock [MHz]     | 3692.4527 |
|          CPI         |    0.8865 |
|    L2 request rate   |    0.1038 |
|     L2 miss rate     |    0.0058 |
|     L2 miss ratio    |    0.0559 |
+----------------------+-----------+

Region op2, Group 1: L2CACHE
+-------------------+----------+
|    Region Info    |  Core 0  |
+-------------------+----------+
| RDTSC Runtime [s] | 0.000002 |
|     call count    |        1 |
+-------------------+----------+

+-----------------------+---------+--------+
|         Event         | Counter | Core 0 |
+-----------------------+---------+--------+
|   INSTR_RETIRED_ANY   |  FIXC0  |  12344 |
| CPU_CLK_UNHALTED_CORE |  FIXC1  |  15409 |
|  CPU_CLK_UNHALTED_REF |  FIXC2  |  14342 |
| L2_TRANS_ALL_REQUESTS |   PMC0  |   4094 |
|     L2_RQSTS_MISS     |   PMC1  |   1215 |
+-----------------------+---------+--------+

+----------------------+--------------+
|        Metric        |    Core 0    |
+----------------------+--------------+
|  Runtime (RDTSC) [s] | 1.957162e-06 |
| Runtime unhalted [s] | 4.521469e-06 |
|      Clock [MHz]     |    3661.5047 |
|          CPI         |       1.2483 |
|    L2 request rate   |       0.3317 |
|     L2 miss rate     |       0.0984 |
|     L2 miss ratio    |       0.2968 |
+----------------------+--------------+

