--------------------------------------------------------------------------------
CPU name:	Intel(R) Core(TM) i5-7500 CPU @ 3.40GHz
CPU type:	Intel Coffeelake processor
CPU clock:	3.41 GHz
--------------------------------------------------------------------------------
128
0.6685480980934653 4.306391816070895 1.029070171812717 5.098697517438783 2.745156807084364 -0.6480140299101929 1.439373585523452 1.23182710803424 0.5555053400508633 -1.444572028792088 -0.2530649236654956 1.175707783275224 9.343737392827038 2.293961520671778 -0.4323364240037348 0.4106942020797708 1.289077041406919 0.03573935183483094 3.055242333127147 1.993941639042311 0.606726978323645 -15.49906456274518 8.171825445398389 7.893457786545341 46.48147716606367 -154.5244329863479 10.37093330404768 12.68854970696597 10.2746811399983 -2.045422674638862 -2.374443573951948 4.417551939891012 23.02082825902544 19.29063505377264 -213.1948438869625 13.06758629214542 0.1766789356594855 3.59021997230731 0.6876881292417852 15.40752458933412 1.935842522668365 -6.652395083851664 -0.1003058487003466 1.685659737193217 3.30816587100476 2.413551785248436 0.464064651560268 -0.4670927800379639 1.855872760010976 1.340643081082894 0.3745478556638884 1.032293054908361 1.703106897709873 0.5928671672634022 1.351247635973726 -0.08344621667105097 1.411951202103024 2.936494275072402 1.365566950967153 -0.9753280971045776 11.60864368534248 3.045299506897737 0.6516433258479077 3.136789559449097 1.45823840468567 0.7789693248732901 0.9189442477949595 -0.8122940592099493 1.828278447475651 2.318334202278702 6.126232515020019 1.1044990506482 0.7995262724734861 0.6205235754612143 0.6953738115022767 0.1048862024752608 0.3115030594187169 0.9680566563763914 3.522705880901859 -0.3852392327073852 2.490523866242967 0.2910715588492522 9.296875783344499 -0.5462222539902184 1.40455633927236 -0.1849105164754562 1.901442944528634 0.2724776823750523 -0.8315500338000192 2.326821180401792 0.932155327922661 8.841194867277794 3.800074231003218 0.1700569945282029 -3.089819224905079 0.023191987208588 18.318960007827 5.241083916471717 -0.8546405586481116 0.8155638558298125 -0.3201849648744081 2.246856435257693 6.060152757683703 1.714138861211364 -0.01876981125986741 2.197547376290781 4.781722343869093 5.035105913390759 0.3127937765799185 -0.785398706458699 1.996565243628706 -0.9594962764482342 0.09997450492995216 20.22122052677716 -19.56761981387755 1.945937694917958 -3.706329201988202 2.586134617891581 10.15050797073217 0.7513719125609997 2.375547600716323 -0.9460562886891978 0.3774203046213851 0.3081457505485404 1.72739364431473 0.9614459779225663 0.2681974920707171 1.767762166506535 
18.969826
8.6448462551239
0.00010490417
0.021235269
0.22867
--------------------------------------------------------------------------------
Region op1, Group 1: FLOPS_DP
+-------------------+----------+
|    Region Info    |  Core 0  |
+-------------------+----------+
| RDTSC Runtime [s] | 0.000324 |
|     call count    |        1 |
+-------------------+----------+

+------------------------------------------+---------+---------+
|                   Event                  | Counter |  Core 0 |
+------------------------------------------+---------+---------+
|             INSTR_RETIRED_ANY            |  FIXC0  | 1358633 |
|           CPU_CLK_UNHALTED_CORE          |  FIXC1  | 1112105 |
|           CPU_CLK_UNHALTED_REF           |  FIXC2  | 1117256 |
| FP_ARITH_INST_RETIRED_128B_PACKED_DOUBLE |   PMC0  |       0 |
|    FP_ARITH_INST_RETIRED_SCALAR_DOUBLE   |   PMC1  |  422485 |
| FP_ARITH_INST_RETIRED_256B_PACKED_DOUBLE |   PMC2  |  109600 |
+------------------------------------------+---------+---------+

+----------------------+-----------+
|        Metric        |   Core 0  |
+----------------------+-----------+
|  Runtime (RDTSC) [s] |    0.0003 |
| Runtime unhalted [s] |    0.0003 |
|      Clock [MHz]     | 3392.2758 |
|          CPI         |    0.8185 |
|      DP MFLOP/s      | 2654.2491 |
|    AVX DP MFLOP/s    | 1351.6588 |
|    Packed MUOPS/s    |  337.9147 |
|    Scalar MUOPS/s    | 1302.5903 |
|  Vectorization ratio |   20.5982 |
+----------------------+-----------+

Region op2, Group 1: FLOPS_DP
+-------------------+----------+
|    Region Info    |  Core 0  |
+-------------------+----------+
| RDTSC Runtime [s] | 0.000013 |
|     call count    |        1 |
+-------------------+----------+

+------------------------------------------+---------+--------+
|                   Event                  | Counter | Core 0 |
+------------------------------------------+---------+--------+
|             INSTR_RETIRED_ANY            |  FIXC0  |  55320 |
|           CPU_CLK_UNHALTED_CORE          |  FIXC1  |  52345 |
|           CPU_CLK_UNHALTED_REF           |  FIXC2  |  52540 |
| FP_ARITH_INST_RETIRED_128B_PACKED_DOUBLE |   PMC0  |      0 |
|    FP_ARITH_INST_RETIRED_SCALAR_DOUBLE   |   PMC1  |  16651 |
| FP_ARITH_INST_RETIRED_256B_PACKED_DOUBLE |   PMC2  |   4128 |
+------------------------------------------+---------+--------+

+----------------------+--------------+
|        Metric        |    Core 0    |
+----------------------+--------------+
|  Runtime (RDTSC) [s] | 1.287432e-05 |
| Runtime unhalted [s] | 1.535950e-05 |
|      Clock [MHz]     |    3395.3394 |
|          CPI         |       0.9462 |
|      DP MFLOP/s      |    2575.9030 |
|    AVX DP MFLOP/s    |    1282.5532 |
|    Packed MUOPS/s    |     320.6383 |
|    Scalar MUOPS/s    |    1293.3499 |
|  Vectorization ratio |      19.8662 |
+----------------------+--------------+

