--------------------------------------------------------------------------------
CPU name:	Intel(R) Core(TM) i5-7500 CPU @ 3.40GHz
CPU type:	Intel Coffeelake processor
CPU clock:	3.41 GHz
--------------------------------------------------------------------------------
256
0.687218089037256 6.727204533454972 -0.3651997686804578 1.282294170181259 2.420972785175908 0.1186324036551005 -0.4226083013839864 0.6681320288824746 2.151102367989456 5.993854636740985 -0.3742353238234564 0.8759768001932232 3.157015616349143 3.359254376944939 0.778278859262946 0.06207203470809275 2.238259907970388 0.9417797313217529 0.204330618125599 1.601655709674012 0.249697465696357 -1.706765190229592 3.096342054910816 5.058601437402007 8.702622970104395 -36.38596478528681 3.440337203945589 3.762494650684664 1.91164012879075 0.2467977873218139 -0.132962842223581 3.0066087816175 10.78859240439447 8.888317968589321 -90.29477837273927 5.306905919093207 1.022827224817027 3.352885866179731 0.9562080430246277 5.166101198805828 3.320915273730148 5.407120219309443 -0.4249140269550817 -0.1180681593355277 -0.3992382590900663 3.108872180746933 0.4115705311540811 12.72084306472985 -1.039457344176112 4.269316280205401 -2.750190707376751 0.9849662984937141 3.863458626628166 1.396587957197899 -0.02526131937917235 -0.2128883833654985 1.346246016096414 1.810694906769563 0.4842705199791165 0.709286714191749 6.530811332135039 3.639984309188157 -0.127348224881685 -3.146608962240756 0.6578462693165087 4.353386359355812 -0.4086052481878459 1.890166081147283 1.15595703232743 6.295851605907067 2.34772042082933 0.7238507171472686 0.6886141549998237 1.120699041245921 2.447757792779985 1.192201500798447 0.05964249627538501 0.1305117766731148 6.929465695416192 6.985325593359877 -2.191528153090203 1.234400540757858 17.6062708332306 1.044499667720758 0.1463717093510737 1.39597535861197 -1.180389384856646 -0.03966211005048963 1.229463797139457 0.7821380399665836 3.35335519075549 6.658034947289499 -1.445262713608935 0.4401036530318607 5.626966240491224 0.4870522133264628 5.782795244166652 -0.9814227631381555 0.05640173885308381 -0.6497165910787085 1.42995105794743 1.177430766610433 9.95228259334989 -1.157468212703547 -0.4584046501439201 1.069693906671136 3.970874381607632 2.79227568020637 1.295901585055032 18.03000604097707 -1.912506225469142 1.712920957554975 -2.339016011986529 27.67818274369585 -11.01230639578842 1.209118091556681 -1.500155960800253 4.038997403490592 6.453142000597173 0.01569939328268121 -3.597245589283718 6.006860174614232 0.5532578428579726 0.928251819536427 0.9813965204423013 0.1495438041939722 0.107594010485757 2.986605645664948 4.693657257628381 3.728196425988964 0.8483972010326062 -4.867446377606943 -0.1737519524217251 2.284059538406477 1.756806925822697 -0.1892637115717887 1.502005178074744 0.03841430591463478 4.967255910368439 0.08205305897727504 1.312818292830183 17.54256324308164 0.2997307958788132 5.466017006372431 -57.86163571738998 15.07180152475251 1.062701079055323 3.886610479544222 10.26320034571471 1.280196920694803 -9.748710769277727 -1.890761020788851 1.541230140533441 17.77877124013732 -5.269973872271516 0.8523109738400655 0.07606654361556868 -0.4468775083017729 1.678055390299117 4.415990151607576 1.159628731062061 -1.949503398422201 0.5589698706439232 6.641986015684329 2.602128220553604 0.2630962976560287 2.326977066842787 0.6140135379628028 12.39425737576412 4.550623565436073 -1.278905283942569 -2.364411293380931 -1.87564865648681 6.828381306437767 19.74768328028788 2.862363977082496 -69.71597443584626 -1.190585372579013 13.58803615258043 3.416592480326718 0.7592311768482637 -0.7686155122622061 5.038744474123532 2.546049844084941 -0.2344766441787289 -1.751933653772127 2.100665131145051 0.3379130589273094 -1.519392834650851 2.714534163063453 11.50221569000232 0.2486234501853241 -2.126217634143392 0.4968903748258404 34.21711413385118 14.99651456168085 -87.12698534208579 0.9728127311999064 5.519765964117018 11.11707894146034 -29.63455828035394 48.43554775597025 -6.375912922043902 0.8728565759366085 -0.8994295161395675 3.740949925473382 6.312900387424517 2.550794434736691 1.198402582869801 -0.8465347384493614 4.430140746978006 0.3286714678467336 -0.03334082693217261 2.101680012796758 0.3873449610378828 0.5747203409999962 2.296536482487054 0.232528116054902 1.300718407783144 2.11036263814783 -0.09776615440534348 1.462027998734898 2.604371192403184 -2.006966407354764 0.6183347734434764 2.563149933700283 1.994505995921607 0.08847780120426493 -0.2038783523118887 3.589949160944224 0.6479000020825324 1.583308793446848 8.634451953283881 2.149420113705661 2.280662575190121 1.158935776163794 0.08813461825261092 0.981671941803243 0.3218432859086672 1.78804281837754 3.735606065111975 -0.5208431066986707 0.01806729095048261 4.217091991786371 1.020203042599043 0.2391768170668784 -0.03932260522894714 -0.367655884246867 7.860289137424449 -1.838988834491071 -1.765915974122503 34.36645885332184 4.331566014716683 2.037926930699172 -51.91142551817126 12.71056078126216 
36.81774
21.12617355643596
0.00016796589
0.064363347
0.24676907
--------------------------------------------------------------------------------
Region op1, Group 1: FLOPS_DP
+-------------------+----------+
|    Region Info    |  Core 0  |
+-------------------+----------+
| RDTSC Runtime [s] | 0.001466 |
|     call count    |        1 |
+-------------------+----------+

+------------------------------------------+---------+---------+
|                   Event                  | Counter |  Core 0 |
+------------------------------------------+---------+---------+
|             INSTR_RETIRED_ANY            |  FIXC0  | 5168234 |
|           CPU_CLK_UNHALTED_CORE          |  FIXC1  | 5459360 |
|           CPU_CLK_UNHALTED_REF           |  FIXC2  | 4910360 |
| FP_ARITH_INST_RETIRED_128B_PACKED_DOUBLE |   PMC0  |       0 |
|    FP_ARITH_INST_RETIRED_SCALAR_DOUBLE   |   PMC1  | 1664085 |
| FP_ARITH_INST_RETIRED_256B_PACKED_DOUBLE |   PMC2  |  424000 |
+------------------------------------------+---------+---------+

+----------------------+-----------+
|        Metric        |   Core 0  |
+----------------------+-----------+
|  Runtime (RDTSC) [s] |    0.0015 |
| Runtime unhalted [s] |    0.0016 |
|      Clock [MHz]     | 3788.9838 |
|          CPI         |    1.0563 |
|      DP MFLOP/s      | 2291.7853 |
|    AVX DP MFLOP/s    | 1156.7767 |
|    Packed MUOPS/s    |  289.1942 |
|    Scalar MUOPS/s    | 1135.0087 |
|  Vectorization ratio |   20.3057 |
+----------------------+-----------+

Region op2, Group 1: FLOPS_DP
+-------------------+----------+
|    Region Info    |  Core 0  |
+-------------------+----------+
| RDTSC Runtime [s] | 0.000057 |
|     call count    |        1 |
+-------------------+----------+

+------------------------------------------+---------+--------+
|                   Event                  | Counter | Core 0 |
+------------------------------------------+---------+--------+
|             INSTR_RETIRED_ANY            |  FIXC0  | 205912 |
|           CPU_CLK_UNHALTED_CORE          |  FIXC1  | 225012 |
|           CPU_CLK_UNHALTED_REF           |  FIXC2  | 202350 |
| FP_ARITH_INST_RETIRED_128B_PACKED_DOUBLE |   PMC0  |      0 |
|    FP_ARITH_INST_RETIRED_SCALAR_DOUBLE   |   PMC1  |  66059 |
| FP_ARITH_INST_RETIRED_256B_PACKED_DOUBLE |   PMC2  |  16448 |
+------------------------------------------+---------+--------+

+----------------------+-----------+
|        Metric        |   Core 0  |
+----------------------+-----------+
|  Runtime (RDTSC) [s] |    0.0001 |
| Runtime unhalted [s] |    0.0001 |
|      Clock [MHz]     | 3789.6301 |
|          CPI         |    1.0928 |
|      DP MFLOP/s      | 2319.2882 |
|    AVX DP MFLOP/s    | 1157.2958 |
|    Packed MUOPS/s    |  289.3239 |
|    Scalar MUOPS/s    | 1161.9924 |
|  Vectorization ratio |   19.9353 |
+----------------------+-----------+

