--------------------------------------------------------------------------------
CPU name:	Intel(R) Core(TM) i5-7500 CPU @ 3.40GHz
CPU type:	Intel Coffeelake processor
CPU clock:	3.41 GHz
--------------------------------------------------------------------------------
32
1.160357486537803 0.8557088620462175 1.900263376149326 2.69401126729111 1.024994246367788 0.3431851129275708 -0.2730047201922551 1.371202179840219 0.1648466455615695 4.368256660963236 0.8945748763520655 1.718676946322133 0.7146394612026089 2.494552478869143 1.121397500047215 -0.239618079832456 2.016157175787486 1.821827767442913 2.427578899474823 2.583304478634216 0.2028046851155128 -4.778032173124843 6.951890916027292 5.236449231719798 37.02684768551269 -127.059060153489 10.13032858012185 9.480831945609385 8.683290727540422 -0.8163345730969251 -0.6666698886755863 0.3788934816037249 
1.6611118e-07
1.745674256591722e-08
0.00031399727
0.034269039
0.84951103
--------------------------------------------------------------------------------
Region op1, Group 1: FLOPS_DP
+-------------------+----------+
|    Region Info    |  Core 0  |
+-------------------+----------+
| RDTSC Runtime [s] | 0.000067 |
|     call count    |        1 |
+-------------------+----------+

+------------------------------------------+---------+--------+
|                   Event                  | Counter | Core 0 |
+------------------------------------------+---------+--------+
|             INSTR_RETIRED_ANY            |  FIXC0  | 114233 |
|           CPU_CLK_UNHALTED_CORE          |  FIXC1  |  69503 |
|           CPU_CLK_UNHALTED_REF           |  FIXC2  | 263836 |
| FP_ARITH_INST_RETIRED_128B_PACKED_DOUBLE |   PMC0  |      0 |
|    FP_ARITH_INST_RETIRED_SCALAR_DOUBLE   |   PMC1  |  28885 |
| FP_ARITH_INST_RETIRED_256B_PACKED_DOUBLE |   PMC2  |   8200 |
+------------------------------------------+---------+--------+

+----------------------+--------------+
|        Metric        |    Core 0    |
+----------------------+--------------+
|  Runtime (RDTSC) [s] |       0.0001 |
| Runtime unhalted [s] | 2.039388e-05 |
|      Clock [MHz]     |     897.7866 |
|          CPI         |       0.6084 |
|      DP MFLOP/s      |     921.3013 |
|    AVX DP MFLOP/s    |     489.8870 |
|    Packed MUOPS/s    |     122.4718 |
|    Scalar MUOPS/s    |     431.4142 |
|  Vectorization ratio |      22.1114 |
+----------------------+--------------+

Region op2, Group 1: FLOPS_DP
+-------------------+----------+
|    Region Info    |  Core 0  |
+-------------------+----------+
| RDTSC Runtime [s] | 0.000003 |
|     call count    |        1 |
+-------------------+----------+

+------------------------------------------+---------+--------+
|                   Event                  | Counter | Core 0 |
+------------------------------------------+---------+--------+
|             INSTR_RETIRED_ANY            |  FIXC0  |   7320 |
|           CPU_CLK_UNHALTED_CORE          |  FIXC1  |  11187 |
|           CPU_CLK_UNHALTED_REF           |  FIXC2  |  42458 |
| FP_ARITH_INST_RETIRED_128B_PACKED_DOUBLE |   PMC0  |      0 |
|    FP_ARITH_INST_RETIRED_SCALAR_DOUBLE   |   PMC1  |   1099 |
| FP_ARITH_INST_RETIRED_256B_PACKED_DOUBLE |   PMC2  |    264 |
+------------------------------------------+---------+--------+

+----------------------+--------------+
|        Metric        |    Core 0    |
+----------------------+--------------+
|  Runtime (RDTSC) [s] | 3.062179e-06 |
| Runtime unhalted [s] | 3.282540e-06 |
|      Clock [MHz]     |     897.9615 |
|          CPI         |       1.5283 |
|      DP MFLOP/s      |     703.7472 |
|    AVX DP MFLOP/s    |     344.8525 |
|    Packed MUOPS/s    |      86.2131 |
|    Scalar MUOPS/s    |     358.8948 |
|  Vectorization ratio |      19.3690 |
+----------------------+--------------+

