--------------------------------------------------------------------------------
CPU name:	Intel(R) Core(TM) i5-7500 CPU @ 3.40GHz
CPU type:	Intel Coffeelake processor
CPU clock:	3.41 GHz
--------------------------------------------------------------------------------
32
1.160357486537803 0.8557088620462175 1.900263376149326 2.69401126729111 1.024994246367788 0.3431851129275708 -0.2730047201922551 1.371202179840219 0.1648466455615695 4.368256660963236 0.8945748763520655 1.718676946322133 0.7146394612026089 2.494552478869143 1.121397500047215 -0.239618079832456 2.016157175787486 1.821827767442913 2.427578899474823 2.583304478634216 0.2028046851155128 -4.778032173124843 6.951890916027292 5.236449231719798 37.02684768551269 -127.059060153489 10.13032858012185 9.480831945609385 8.683290727540422 -0.8163345730969251 -0.6666698886755863 0.3788934816037249 
1.6611118e-07
1.745674256591722e-08
8.2969666e-05
0.0083220418
0.19054997
--------------------------------------------------------------------------------
Region op1, Group 1: L2CACHE
+-------------------+----------+
|    Region Info    |  Core 0  |
+-------------------+----------+
| RDTSC Runtime [s] | 0.000018 |
|     call count    |        1 |
+-------------------+----------+

+-----------------------+---------+--------+
|         Event         | Counter | Core 0 |
+-----------------------+---------+--------+
|   INSTR_RETIRED_ANY   |  FIXC0  | 114143 |
| CPU_CLK_UNHALTED_CORE |  FIXC1  |  70893 |
|  CPU_CLK_UNHALTED_REF |  FIXC2  |  71284 |
| L2_TRANS_ALL_REQUESTS |   PMC0  |   2979 |
|     L2_RQSTS_MISS     |   PMC1  |    974 |
+-----------------------+---------+--------+

+----------------------+--------------+
|        Metric        |    Core 0    |
+----------------------+--------------+
|  Runtime (RDTSC) [s] | 1.791126e-05 |
| Runtime unhalted [s] | 2.080175e-05 |
|      Clock [MHz]     |    3389.3377 |
|          CPI         |       0.6211 |
|    L2 request rate   |       0.0261 |
|     L2 miss rate     |       0.0085 |
|     L2 miss ratio    |       0.3270 |
+----------------------+--------------+

Region op2, Group 1: L2CACHE
+-------------------+----------+
|    Region Info    |  Core 0  |
+-------------------+----------+
| RDTSC Runtime [s] | 0.000001 |
|     call count    |        1 |
+-------------------+----------+

+-----------------------+---------+--------+
|         Event         | Counter | Core 0 |
+-----------------------+---------+--------+
|   INSTR_RETIRED_ANY   |  FIXC0  |   7222 |
| CPU_CLK_UNHALTED_CORE |  FIXC1  |  11063 |
|  CPU_CLK_UNHALTED_REF |  FIXC2  |  11076 |
| L2_TRANS_ALL_REQUESTS |   PMC0  |   2110 |
|     L2_RQSTS_MISS     |   PMC1  |    622 |
+-----------------------+---------+--------+

+----------------------+--------------+
|        Metric        |    Core 0    |
+----------------------+--------------+
|  Runtime (RDTSC) [s] | 7.904875e-07 |
| Runtime unhalted [s] | 3.246156e-06 |
|      Clock [MHz]     |    3404.0311 |
|          CPI         |       1.5318 |
|    L2 request rate   |       0.2922 |
|     L2 miss rate     |       0.0861 |
|     L2 miss ratio    |       0.2948 |
+----------------------+--------------+

