--------------------------------------------------------------------------------
CPU name:	Intel(R) Core(TM) i5-7500 CPU @ 3.40GHz
CPU type:	Intel Coffeelake processor
CPU clock:	3.41 GHz
--------------------------------------------------------------------------------
64
-0.1610990600530653 3.944920534824887 -0.538203131592472 7.494985730486831 3.517282192751991 1.513150481182558 -0.3266258967891783 0.6298386682468647 0.6616173071157858 1.996538969793133 0.1310424797242105 0.4065406490430502 5.528813477351425 -0.3363808083129015 0.6741943392613985 -0.5316015099395042 1.877318547843563 1.143822705497583 0.796879767143279 5.38311340750892 0.0849962757725478 -8.755150999069739 7.462214995842504 9.22506734752181 40.11757586017157 -131.215973952071 10.09527537888209 10.06894207006834 8.453312630810029 -2.976182371279998 -0.6319458247571689 4.290168679365513 12.97719902788052 11.08174771703372 -112.6126203291366 7.858900461485045 -0.3748937179958355 2.45861237947102 2.147156903100354 14.30505486722023 -2.374601849859406 -4.640907628698114 -1.070897024194646 2.092665251796925 0.4516306140324773 2.197594607014543 1.863989809127773 5.780879233722108 -0.700897175042699 -3.160026991447674 4.05359954087451 0.7046451519249782 2.890353764757601 1.408128918998502 0.09139348674673599 0.2963694260731162 3.02002489473348 2.525789376217688 1.240078749587426 -0.3590903593970894 16.46494768060712 0.3176429520640457 -1.968488042357916 1.331760513054187 
10.476688
3.715072161654613
0.00033795834
0.040478656
0.72608101
--------------------------------------------------------------------------------
Region op1, Group 1: L2CACHE
+-------------------+----------+
|    Region Info    |  Core 0  |
+-------------------+----------+
| RDTSC Runtime [s] | 0.000298 |
|     call count    |        1 |
+-------------------+----------+

+-----------------------+---------+---------+
|         Event         | Counter |  Core 0 |
+-----------------------+---------+---------+
|   INSTR_RETIRED_ANY   |  FIXC0  |  375343 |
| CPU_CLK_UNHALTED_CORE |  FIXC1  |  278059 |
|  CPU_CLK_UNHALTED_REF |  FIXC2  | 1055486 |
| L2_TRANS_ALL_REQUESTS |   PMC0  |   27592 |
|     L2_RQSTS_MISS     |   PMC1  |    1560 |
+-----------------------+---------+---------+

+----------------------+----------+
|        Metric        |  Core 0  |
+----------------------+----------+
|  Runtime (RDTSC) [s] |   0.0003 |
| Runtime unhalted [s] |   0.0001 |
|      Clock [MHz]     | 897.8175 |
|          CPI         |   0.7408 |
|    L2 request rate   |   0.0735 |
|     L2 miss rate     |   0.0042 |
|     L2 miss ratio    |   0.0565 |
+----------------------+----------+

Region op2, Group 1: L2CACHE
+-------------------+----------+
|    Region Info    |  Core 0  |
+-------------------+----------+
| RDTSC Runtime [s] | 0.000012 |
|     call count    |        1 |
+-------------------+----------+

+-----------------------+---------+--------+
|         Event         | Counter | Core 0 |
+-----------------------+---------+--------+
|   INSTR_RETIRED_ANY   |  FIXC0  |  17078 |
| CPU_CLK_UNHALTED_CORE |  FIXC1  |  18602 |
|  CPU_CLK_UNHALTED_REF |  FIXC2  |  70432 |
| L2_TRANS_ALL_REQUESTS |   PMC0  |   3683 |
|     L2_RQSTS_MISS     |   PMC1  |   1203 |
+-----------------------+---------+--------+

+----------------------+--------------+
|        Metric        |    Core 0    |
+----------------------+--------------+
|  Runtime (RDTSC) [s] | 1.174051e-05 |
| Runtime unhalted [s] | 5.458283e-06 |
|      Clock [MHz]     |     900.1051 |
|          CPI         |       1.0892 |
|    L2 request rate   |       0.2157 |
|     L2 miss rate     |       0.0704 |
|     L2 miss ratio    |       0.3266 |
+----------------------+--------------+

