--------------------------------------------------------------------------------
CPU name:	Intel(R) Core(TM) i5-7500 CPU @ 3.40GHz
CPU type:	Intel Coffeelake processor
CPU clock:	3.41 GHz
--------------------------------------------------------------------------------
256
-52.39066558327706 57.65749349419746 50.47924548412279 -20.89096989582395 -3.74689241692455 -37.84655739777713 1.135607433137998 -47.14915781641593 49.86554701410302 31.8653869647792 4.463411194909525 29.73474372702282 -35.76894062621682 -17.00321443043856 -25.5527347411308 36.25741547167228 11.81150476621333 -0.009262459160700768 18.43114812321086 -20.04685358342913 -13.42313552922399 -25.95107562762964 33.43956782941203 25.04098440176091 -6.451334235551999 8.560996746385575 0.1126396066759967 -39.71235040686217 5.918138625297748 16.76305519655446 28.4623660611093 -8.601911086949025 24.57745147024308 -2.873037845964816 -42.55533592893903 -9.529435540678977 13.89146592159261 44.9590122020477 -11.68748063576945 34.42980304299085 9.028941036961262 -56.06594656791841 -20.6691375875537 20.78052904018761 50.04625956023212 -39.47429796135466 32.05034770165496 9.810735708772881 -23.0764211764318 -38.42604624233966 37.36936174435852 32.80476629462454 -20.97079516988196 7.3052731777836 24.2573486936403 -4.49410996166973 -44.92918391047136 17.94919779789814 23.88791441402871 1.630780378288777 13.04631443911231 22.85253376889592 -8.825705264932221 -53.85677615746875 39.71701137768706 -15.90700116800868 5.581001250904605 17.71204251880497 37.11719528364497 -26.99696965119609 -11.823133363164 23.77290301711881 -10.38655349276951 -18.18158535591996 28.69031524996488 17.653609943178 -14.13519376464527 -7.587584853396245 11.51431544499896 -12.16102592537449 -30.68900013828139 34.5829677790523 16.85882336423581 -19.59230263974591 21.37843196430867 16.19017351011445 -16.26518624617416 -29.61987182541649 50.87089105478727 -20.63447982708794 -12.2063464330466 33.57186585259844 12.81236834566897 -32.18093989824831 -21.36607058995849 40.06987012312776 -8.229400051339262 0.3855722403484612 3.200049172991712 21.06975789015273 -13.05382792225207 -38.6026993876489 21.28800239070114 4.807777667047005 7.829201732029746 11.56772289889766 -8.253097979685361 -2.057470780625985 1.320473428757112 13.60693721675626 -2.981439982134366 -6.366916983530402 21.90001178209502 -12.80435358769014 23.59792876617806 -25.10798680771062 15.90413902894183 -1.476349510076173 -20.32669763076364 39.13495070961424 -17.11299926274193 30.18779009161572 -45.50751147734237 9.991409014164013 25.68612092708613 -27.64295101198965 29.49429781006108 -8.552045150257314 17.40713670403996 -23.48730457908417 12.69326540799547 0.1020117294538277 -33.02612740275912 31.48413483331259 9.982356674833577 6.280727636737531 -10.18140746235935 -17.58390239823792 19.11685405216411 -43.3058108947546 23.75779233349887 56.1070345234217 -29.83414887020104 13.97419231945232 -8.557957861782509 15.96419507349207 -64.72421086981583 12.12328403391905 48.91209121894054 -0.04720302268289429 8.981045616400744 -9.352525474828266 30.92005911043543 -58.41685093005766 4.966891854909078 37.30841848494802 -17.47886144208693 22.93244324042751 -4.475118430414313 10.82280910190534 -61.54070791959031 35.58662428216918 22.97706712174277 6.855195238868022 -7.667844652740182 5.332714034364965 -5.967039504795815 -52.43281356567804 53.11882764841852 50.07794368947125 -39.32057376044997 -8.497371935838098 27.07099800491959 -21.83379612080072 -42.2378842481582 50.65472022886886 21.99728486286159 -23.15347890641055 -1.62756097716424 27.26917565270897 -35.71606650830318 -40.24973508414296 31.73070402546157 54.16936338885525 -23.10068603458321 -3.196714935397259 29.29102969843175 -51.09860974287746 -19.01576436337374 64.27328084641454 -10.62037969839779 -28.66096843278413 27.21565613666834 32.24074611314608 -42.19011436998513 -10.47650392456037 42.96695871722412 7.481435393542592 7.565742437883078 7.440402799372411 2.616989885733483 -17.50653589189169 -7.457422219658002 49.93448471249495 -44.27893502334641 25.20020212245561 22.32401457640139 -21.9300274301874 -16.60694748040208 4.974286595501524 48.87226961248859 -55.99065815061485 33.94574809716213 40.36288511587003 -42.8063126329394 -4.138375287172735 6.685360141360037 31.44535719385863 -60.03978362371946 40.28350225220003 33.87123911592458 -42.46028001565758 12.15050733281582 -11.22187622870424 26.55123824614117 -37.9036814896773 33.68812366845952 19.52295748097237 -24.0912553359699 7.958867138401774 -17.12477867579795 17.67128296950202 -25.18006144219471 33.86755508924146 9.272116880651577 -14.83929158168454 9.289165906779957 -12.71258445021187 0.7589285739785443 -7.923661748707597 46.19350680197709 -23.57336718109629 12.54818432669868 -0.8515905492509082 -28.5028395928145 -2.927708630427345 29.61453834501787 32.34094544450145 -24.78491698344036 6.812437697135152 -3.761275897562619 -11.83478443445611 -21.78237854398763 36.74033393111436 43.34694392920832 -31.95615610435291 
186.4988
3334.042543449053
0.00013399124
0.0090914231
0.187832
--------------------------------------------------------------------------------
Region op1, Group 1: L3
+-------------------+----------+
|    Region Info    |  Core 0  |
+-------------------+----------+
| RDTSC Runtime [s] | 0.000034 |
|     call count    |        1 |
+-------------------+----------+

+-----------------------+---------+--------+
|         Event         | Counter | Core 0 |
+-----------------------+---------+--------+
|   INSTR_RETIRED_ANY   |  FIXC0  | 180593 |
| CPU_CLK_UNHALTED_CORE |  FIXC1  | 138007 |
|  CPU_CLK_UNHALTED_REF |  FIXC2  | 127374 |
|    L2_LINES_IN_ALL    |   PMC0  |   1390 |
|     L2_TRANS_L2_WB    |   PMC1  |    139 |
+-----------------------+---------+--------+

+-------------------------------+--------------+
|             Metric            |    Core 0    |
+-------------------------------+--------------+
|      Runtime (RDTSC) [s]      | 3.421721e-05 |
|      Runtime unhalted [s]     | 4.049517e-05 |
|          Clock [MHz]          |    3692.4803 |
|              CPI              |       0.7642 |
|  L3 load bandwidth [MBytes/s] |    2599.8613 |
|  L3 load data volume [GBytes] |       0.0001 |
| L3 evict bandwidth [MBytes/s] |     259.9861 |
| L3 evict data volume [GBytes] | 8.896000e-06 |
|    L3 bandwidth [MBytes/s]    |    2859.8474 |
|    L3 data volume [GBytes]    |       0.0001 |
+-------------------------------+--------------+

Region op2, Group 1: L3
+-------------------+----------+
|    Region Info    |  Core 0  |
+-------------------+----------+
| RDTSC Runtime [s] | 0.000001 |
|     call count    |        1 |
+-------------------+----------+

+-----------------------+---------+--------+
|         Event         | Counter | Core 0 |
+-----------------------+---------+--------+
|   INSTR_RETIRED_ANY   |  FIXC0  |   8345 |
| CPU_CLK_UNHALTED_CORE |  FIXC1  |  13613 |
|  CPU_CLK_UNHALTED_REF |  FIXC2  |  12496 |
|    L2_LINES_IN_ALL    |   PMC0  |    743 |
|     L2_TRANS_L2_WB    |   PMC1  |     83 |
+-----------------------+---------+--------+

+-------------------------------+--------------+
|             Metric            |    Core 0    |
+-------------------------------+--------------+
|      Runtime (RDTSC) [s]      | 1.320425e-06 |
|      Runtime unhalted [s]     | 3.994441e-06 |
|          Clock [MHz]          |    3712.6216 |
|              CPI              |       1.6313 |
|  L3 load bandwidth [MBytes/s] |   36012.6474 |
|  L3 load data volume [GBytes] | 4.755200e-05 |
| L3 evict bandwidth [MBytes/s] |    4022.9472 |
| L3 evict data volume [GBytes] | 5.312000e-06 |
|    L3 bandwidth [MBytes/s]    |   40035.5946 |
|    L3 data volume [GBytes]    |       0.0001 |
+-------------------------------+--------------+

