--------------------------------------------------------------------------------
CPU name:	Intel(R) Core(TM) i5-7500 CPU @ 3.40GHz
CPU type:	Intel Coffeelake processor
CPU clock:	3.41 GHz
--------------------------------------------------------------------------------
1000
4.296736434053712 22.72904350317278 -5.13393180641117 5.010931040944713 2.827761736169186 -14.26258386172885 -9.09263591822325 17.43613648303046 30.22632951255698 -16.76576823498883 -23.04449530868045 28.74956327780806 -29.29364467070943 20.60982008751511 4.121896840400213 3.176826275598994 21.39032302238594 -32.08320812158136 8.611908378827776 -21.4659418004236 15.35217264331017 12.89321830936149 6.095809317162913 40.66267560950568 -50.73271331675406 30.87306762620005 -32.09253530004689 13.50398355331459 13.05473274392596 4.103901290224957 30.3525259795186 -19.50285344040971 -3.958390029399865 -7.686479158110148 7.896263523465436 15.0551761370559 -6.172959147763564 37.51624314126956 -22.57924608148744 1.17590172190795 -8.642101595433104 -23.08213574487234 23.15657363726001 35.18973271644933 11.87385529584708 9.786083324626842 -41.68103557861762 4.628379229885002 -14.82166705491618 25.72333988158421 33.26359940044555 18.60750003545638 -10.36143267415878 -29.32824756280335 -7.374514228169528 -15.82006458063596 31.43359032607517 40.37717224962287 -2.161174791360255 4.038359956556093 -7.061513196394879 8.149518041878091 -1.849519830431291 9.986114654941064 3.615897638133052 12.98491221104615 -6.045647356483222 -21.98508995142144 9.204930251240549 -0.5360625380041752 9.587775559715404 20.81494915839132 5.404159537045058 -7.071857552935405 -37.11490974896587 13.71107590766599 -7.641329725344217 24.61306781667763 9.647530359051892 24.95254050542541 1.438838393713159 -44.22469255983984 21.69431224140957 0.1394323882736017 0.6187223851040047 10.07379324383784 19.03156006780974 1.080466828791045 -36.54318792009717 16.66050153424093 -2.672302554031094 -7.850286913846579 29.70090812332825 9.133856947595904 -15.0498096679696 -6.695541579412617 -3.248653316815166 12.61225895343915 -24.32725064800124 42.03842519440879 -11.86306535063755 -4.312334163519122 -0.8832503573430576 2.119193237586147 14.27386706322559 -24.29040469011242 40.09480207303091 -26.33107039779253 0.2709597716261538 26.14561268564999 4.218171821167227 -9.094488546155411 -23.36886388999903 33.09273556010614 -20.50071566630745 22.04758591912356 7.040622817649667 8.351521856662721 -27.01128866003366 11.33065466589085 7.225690635346666 1.454737989314784 -7.261971490195676 7.524864271994546 5.840453361291881 -34.28792550085459 19.34289001443406 7.402960323599187 16.66276640142522 -13.30458441865119 -4.471852946916568 0.9146090330507031 -33.11446723182514 34.77143534688189 -15.20179997448308 54.71089998320215 -24.34489513976807 -0.06639757838682182 15.5150037323601 -24.50709485018881 14.64166491708712 3.84029304442649 19.43564345115749 -21.44137970806628 -7.392826376318671 0.6477657911485395 -29.17358102043261 34.49441447936325 5.974854376480267 18.70765428856275 -17.75491590053943 -4.08186862312151 28.46009839722185 -35.5221810716772 18.17724547223153 24.79094658669969 -6.402327441167555 -0.1101001204694304 -5.556176628209965 10.77132926426222 -27.20960833865312 33.40967802854455 13.7503227111033 -11.03913683157213 -4.744703900701835 -0.2482705773207471 -4.410889901835001 -15.70988083943068 43.37701074525663 13.39429949978302 -21.56760165389549 -4.9216980690917 -7.68710193487733 -0.5764770801128417 3.94578674960409 35.35691386544826 8.25939562477002 -24.73258523236952 -3.983186565945779 -12.27331710715339 -16.00715042557664 8.71679627586937 34.25120623259566 1.721528267006511 -9.216201191763068 3.402904553583306 -28.64738585737122 16.85440289807814 -1.465031510156307 21.48756698224253 6.305082979466158 -10.57321884200167 17.50103475117532 -24.51891972310342 26.50434865422315 -9.853664766743329 19.69368322143839 4.390537132331108 -18.57181682508653 12.97000019039353 -22.54169715281438 41.92152094963841 -14.98723664876213 -9.79917563191656 16.05631753517689 -12.75087552335663 25.90588294691218 -16.66869264786774 20.13978060688293 -3.119574857996186 -6.559261610204321 19.08776117235179 -7.823949640029157 25.42611230908822 -16.76677471633793 -17.96805016244548 7.718323064661593 -5.434469487886918 36.32312445719072 -8.71842776565766 7.795544338616271 13.29325165973535 -55.42871759068601 34.82168669563927 -12.68468014060979 8.313300548028502 9.851270237030903 13.3169712490895 9.489165007055968 -49.71319405586897 37.06750615335965 -28.30209786282294 23.70839348228721 15.34949009579608 -3.888642600066293 16.20035598722157 -80.07029348879971 61.21692190709024 -23.22335480063188 10.70245705092529 39.4584672197562 26.16686897983583 -11.93796609869043 -53.55640523947056 32.10810164764242 -26.93688064641627 37.2909353133138 22.80400893859481 8.014901555266356 2.475493000159537 -23.18441878897698 0.3648399190312746 -16.11005907160517 29.29157110637605 49.71649821643969 -11.28466360086983 -33.2126150044574 11.51649196036544 -25.57389140184871 -12.04626410562788 38.82062010262906 52.93587082433402 -29.79846466427806 -27.42731231007368 16.98051989242768 -43.12498597442334 16.53247947129616 35.13850391341673 47.40440232054996 -48.35926548340887 -7.215178670032635 18.12958375324772 -36.17692823175057 -9.837813376195449 52.21592348624699 27.1574122126902 -25.43182766288384 -1.052636043645991 0.7660015852007362 -25.46472026438325 -11.5106309815884 51.46343165925693 1.293137318215102 4.024891657047965 2.469016862840466 -22.96607663953195 4.351500009437611 -15.01066232275841 37.07033077055328 -3.57739767619136 31.32703917953491 -7.367244933330006 -47.11075948574646 11.81710883101088 10.03735199597514 25.01200312044165 -24.44559483820968 53.1857537338063 0.05942008647700874 -42.87570962658594 8.211953089044066 15.94779822836115 4.903263049975141 -20.14316971829092 37.51813161127602 -2.693403143868902 -26.68420207781394 9.351501883245174 -4.198004288421565 4.618423860369086 -11.36972787286233 40.26187245699212 -5.827107935021656 -18.26987576608803 -1.020361803119213 -1.349379895270759 -3.543170444670264 5.10728179750791 21.66207630200322 5.949759215679463 -9.723101946792255 -6.784541752045302 -25.53833159299868 12.28007687147749 18.7795830336327 17.01976858673498 13.59400572555788 5.768979788983325 -5.756129103002094 -32.15192144737406 -15.51625564199688 23.74706666507247 23.50698312819778 19.30168374034714 -10.70874305775481 13.03564545986231 -52.55260027280347 -8.363579969772188 26.0780239962753 33.47139688374848 7.424898155361602 -11.2116610859492 18.62437798429 -47.67650995604632 -9.654078590293556 17.20227884693326 58.67750974201295 4.437609466784269 -31.09543833384472 16.84222975031876 -53.90229220122954 -18.2298368672018 23.31155771671327 70.70120558640062 -2.62211829141546 -3.719490459853962 -9.672680487652572 -46.25611885398251 -24.9951101734114 34.5491910822547 59.82295872071366 -7.456868868389279 5.951492485807548 -34.4223967907558 -5.836967306179567 -39.20988554829763 44.07073252375541 45.18160532621145 -4.433294784789403 31.63734712580654 -34.04923581217053 -28.72663299072946 -42.04388250145427 42.33157525923144 34.85624735566439 -5.19531375389597 30.03740339910437 -30.16057178082847 -36.65018497736661 -28.16351394323022 50.81038943108805 22.21652442242522 -1.507939047287954 23.14512277094441 11.87579814550774 -63.0797750696089 -5.357208554808702 25.36996214236906 25.39276469091723 -2.400636789164524 20.32092122067922 28.72278656512728 -81.65544496336074 1.370566947110524 25.88456056504454 13.46843805186665 12.08298070938134 15.3500040298451 20.26087097999763 -72.01977716190028 4.857160866752787 14.7419154944598 -11.23795807482739 28.16449164265294 36.72774573288109 -14.554957716489 -41.84045113971695 13.21960851996784 4.780494134919211 -20.95228123344652 18.53137739079546 56.40742816930527 -11.31761696033177 -17.81539922638503 -10.27384538087941 -7.931906848398072 -37.14786699706025 48.87710224580933 73.26690978985806 -45.61954319656599 4.12805749732981 -15.54758633536723 -18.67045582712649 3.591793384543167 15.69915770162158 49.1850005351293 -35.58699292431648 21.70717516484491 -12.83748064392658 -14.08624182913412 -14.87946243739527 7.753250050871275 25.53075675682112 -24.86281728653296 16.05373330738779 -7.620934237517623 -9.394249632854933 5.403198972155526 11.27386929006725 17.787511738001 -0.5923348523062915 8.120176489498002 -10.8463148766429 -0.6762903931233466 -5.51393141979189 -17.78170658655034 4.608833920037145 48.83527835736247 -12.84034178681685 15.13420247506829 -12.72687168454029 -13.0603111439021 7.391072292238652 -3.54151624768099 18.56181187785842 -8.677631047026152 23.76337345259873 -22.0691556460196 -0.464903673461262 -10.46459526833511 20.96561561720833 15.65342489878841 -25.08355108731412 46.0870893996002 -20.73611053187254 -24.87988287763929 8.08906568634279 36.08194374577135 -20.80197146441963 3.867437726142302 29.27497557950822 -3.176820082812815 -23.65421132923019 -8.823882533573894 14.0853044866164 -9.803334218531033 18.80046312125823 22.31167752323819 2.177298586409705 -56.77232039593227 16.1658828724955 24.7493731928223 -26.0018099007523 11.81051427798825 28.05805444692629 17.66752138339808 -66.17311255643078 23.97528424754745 0.8562214998644982 -8.090438646401545 -3.224572068410308 30.93276858220446 29.26996716809924 -46.7762075282619 16.94599923061948 36.87220318476692 -6.307286339681446 -13.027358741738 11.71735960528861 16.40365432948371 -49.422530702787 25.13546852056938 21.58338803081408 -25.5333516952642 -1.168359928773693 26.5539485040208 -4.915027813188336 -25.38694989813694 32.47328401423227 20.30132032280072 -49.10428726104755 24.03936863373499 13.26133218090763 0.7101098660352287 -36.67507248550292 45.77889308911752 17.50829338007469 -56.40992068871581 17.49752562674735 24.87207373264903 7.385144973822436 -20.00870143134409 33.89304591789347 -8.177265499927895 -42.10765498195228 33.52537302853497 -0.05345053383907626 -9.80175867010977 1.271183868781482 36.94221764860128 -18.567893625397 -51.79018912584614 48.71523370118589 -7.225734954514412 4.63508703160864 13.08657604937831 13.63744810932545 -7.794620624494241 -47.20022555787058 32.96187313325616 0.280181452951111 20.30068068438806 14.30935325991999 14.56447545242193 -10.73751779333871 -52.13492590198607 29.57844320927201 -8.209950977164857 37.56612496875675 13.22772753460186 7.856433206592746 -13.82469304376566 -31.1703446013794 7.250017971987599 3.641477188971222 26.87232144373241 7.179371411982586 12.11007622471936 -33.60087660075497 -22.18612218029829 3.390370701936963 23.0796637547346 30.98805295830059 -13.09025151251163 16.29271673661054 -9.34255417614167 -32.08962868637228 5.535110150842991 18.07820541871187 29.22163724879182 -19.25694351388917 4.993406322607588 -19.87417167418048 -0.9553197771933182 16.04687426999606 -8.81321746363907 46.603962392794 -27.83989243715066 5.201436752078899 2.759515562539863 -21.38074293071965 41.41803480060477 -38.30654035699524 33.85096591229595 -20.52673739412752 14.25339043950731 -10.7112062869082 0.9444486478157265 28.20205518752881 -49.52190244056104 54.47809063288245 -17.15977914490601 -3.514902545152648 6.692085844042138 -6.977593422429501 53.44688557022896 -58.37653860251132 37.9554554132483 -19.46326877658274 -3.724772497647256 26.68967380287372 11.05894003773937 24.25433540115354 -81.86444150348935 40.81952392257789 -6.795505999161419 -16.66656849270349 53.06619965913077 -9.989539193352503 42.50272108844388 -76.42656136804004 32.15254188356448 -25.02482924614238 -26.19140146384337 82.89414920106016 -18.58414599677012 32.86528950522973 -49.53756351814253 31.130691458258 -23.69678412040338 -47.64209780761239 104.0605027478085 -26.01759404792017 8.870590601754047 -34.11773288273535 23.12323409481927 -8.732623457610099 -47.55367509245649 102.5062015128662 -43.77135792126291 -12.18302434763914 0.8550817066664691 15.23170220959346 17.78878850617028 -64.32451695522502 85.75880874443644 -27.87074003534224 -19.15766177677681 15.23755724474172 -4.865840981672795 15.84426960822322 -45.54177609846762 64.92736017875917 -21.93885603093551 -13.95659185772174 30.0490589912728 -16.05462294729183 22.91674254629098 -40.07913099159661 54.17550192769227 -33.56077784829464 -19.49732321420755 34.17491433760004 -3.602967346452475 22.03106883761649 -13.7638427277704 10.17643665748751 -22.82905703257125 -0.6500199100805901 40.15026757766769 -29.05567643070545 16.14553752939467 -4.966002254954158 25.41547620127302 -41.24490616209987 -8.063790898821429 51.06178067581331 -8.86603463808582 8.275381705285149 -3.72234725395483 -1.444733450229398 -23.42815150423327 -5.269412612794407 63.22111277031827 -11.24778487538308 5.189230024255861 -4.481237216284876 -3.779355004444722 -28.73444078600352 -14.86325950744738 41.26495761327279 11.2167687049573 6.584329485244466 -16.7734436524665 -13.63528267485539 -2.044461903022683 -14.67398203958575 36.09987415631525 6.32340721144026 0.08076517646702851 -0.9390249392309912 -6.659525458309325 -3.685968072738461 -15.54104640555121 6.392242659416129 37.50467658353816 -0.5797018342263354 -3.686204133472946 -5.217755841972753 -8.781453045793921 -6.29850042343182 1.854509445662624 35.20126284249795 9.669588317705678 -6.730233281061813 -15.93935693449619 -3.255313168515992 20.91247842825205 -27.56592192816467 32.16287347773444 -7.332661561230027 8.27658628431988 6.729741660267101 -33.12750757868934 38.85101708074627 -16.07598902492184 27.3688962451243 -13.0731898035813 -10.57975377310356 8.04711703080658 -15.81113264341427 41.60568783693689 -26.63815672760265 20.67996803223138 -22.57828397712148 6.241478923969175 28.83458966956552 -26.88063036235602 25.36595571672656 -10.06732433519652 -6.392680203133884 7.947218773376147 -13.78186281059348 39.74687498807958 -12.72195930227868 0.3839433081753728 0.1574692855218164 -28.2652735099081 13.49692087076202 -11.50737935987427 53.9902990696062 -29.45390570396455 3.14347698864556 20.50790597212376 -38.21692607275724 28.97931204906698 -31.13156888703834 52.48197853989832 -4.175317177448878 -10.58505257436443 4.010207227068011 -23.30458077976042 26.60769367139108 -16.65504622265031 36.33046930948208 -7.243076960660906 5.945771496161181 -20.06905391061667 -24.87342943977357 23.33516216775551 25.82036074072153 17.82275951161204 -1.631384793432983 0.4573849471627599 -13.85256962850889 -12.5781775698581 11.99097468933962 14.97288529981345 5.414596550889448 13.50140515479452 7.773528482329002 -36.09902464175187 -1.373904337790088 9.746334401737576 31.86845797860938 -13.11751766865645 10.44697399409774 -14.16029733403159 -15.4005292473836 -9.878113375273637 49.69804531934344 22.17039546161611 -34.9824805381175 -0.6771537990246337 10.21457220895934 -14.2503998181877 2.067675414242506 39.77046144161135 10.83864639081932 -37.08334935723821 11.14151012784223 -10.94224362628731 -8.518158413240316 -3.192167239467986 27.73551586082818 -2.102345735174887 -19.42054744908182 12.33898199795609 8.846737552434481 -16.05813104562047 36.29664931412624 20.96578631809127 -11.97538558052762 -38.35106799546487 21.66623215719396 7.588566424232911 -23.20626531928792 47.8304767384911 14.8263260206124 -6.681393718067662 -24.26204844348254 7.535940303669214 0.7019779695516464 -26.40842589142122 60.63611510239011 -10.63532245637615 -10.89905261677476 -12.33193287958801 17.45537079552659 -3.531881034550838 -21.88949132523314 67.24883893359133 -13.20352182733101 -22.43249029997169 -4.273703179078415 20.40759260026895 -20.25613125226421 -25.48444371342347 64.12429729584404 9.111214031204314 -27.96776643110717 7.063024737327082 12.24184764195997 2.390642207711804 -38.6769288077171 42.05445416586547 -12.62510825586291 -11.72705983218371 26.64769501885857 12.46995746154125 6.517530667396004 -65.49811852987764 39.85372144608705 -5.13500259889968 -13.87182003217099 37.28976886216759 0.1421465379870207 10.33572282289958 -68.23753200562396 40.11034958621727 2.759411744554928 2.460433012191004 9.682692910450465 6.804447278568171 15.44014665818415 -69.05876079504843 41.12820153753488 10.39039837614717 8.511626471825416 20.55528069268544 -1.845682770990478 -5.826778716317857 -52.19940783328312 7.607549443878289 45.13013604669944 1.575462066788297 27.70913638082548 0.8447532508128284 -18.35368465465625 -38.60715042772206 9.849777877945147 23.01812326993907 -3.83596661698066 47.59947693929005 -15.38795412121788 -15.15499847312226 -28.95103055914507 11.98705866674804 43.18752187485023 -25.28437562815145 54.97996948043322 -23.20468051174116 -17.54113971027984 -32.49991860595874 -5.744490952816295 27.98526243793651 0.612915605057429 58.18940825565497 -24.77050709518596 -15.27564125691726 -25.99764909353056 3.583111866884844 19.80646113433663 0.2068725804089507 47.32328828377018 -13.28862445632652 -18.28759008611619 -7.31453060158738 -4.905684555523149 18.89344766897053 -15.97884009649866 19.10577578383935 22.81690160799874 -15.38752250771689 4.432306067799548 -0.03198880549748587 10.38531548026323 -13.89386064402584 -1.866872162340158 32.05729401220098 -22.53482305025364 16.86949083885998 -9.172827514651253 24.01763400455505 -27.92367598039934 -2.453935162370847 40.79382840591065 -13.9293843029761 -6.961571874209958 -4.059032369880076 13.87647702431777 -29.12760518256465 7.412233972321234 54.69372239282535 -24.69495630220579 -1.808605336570851 -15.86885078015088 27.18525044915702 -23.53983635850664 9.810471064913562 50.41471942751288 -10.7298617360225 -39.30681976056803 -8.978593537604832 39.43016662717302 -11.01140785595542 -8.701261972257813 61.81886870241437 -13.73886902751043 -11.17489396590583 -15.68229767859937 22.25590121350957 2.629052590881167 -17.27748906087821 67.82718760962223 -2.476074973113192 -35.59387587434702 6.297165868806878 10.31874773182697 8.261465686122595 -27.77263997080844 66.54661049155494 -11.32219178615894 -31.79312210623339 6.975233886901069 11.49048457521874 20.65486803474637 -29.94197397318677 46.4834383248192 4.564712866061149 -52.45870610363541 21.74943140141647 7.48200870049184 7.430193158936907 -9.078798507738671 34.77441203993239 -4.023689779043349 -40.43409857376327 6.018054872931716 9.62039791085137 -0.4488705403091393 20.52461457958874 2.887805137965686 -16.37031056845185 -14.46973120736668 29.82697624670535 13.69459607173393 -23.99852769155303 30.80740056350486 1.766893636421994 -39.76993680773142 7.664620870705015 31.4258312712663 23.60977550862375 -39.46135735934126 23.24913240434995 2.423078267460097 -24.02801405721565 9.355512160499188 26.69307036044136 -7.650656820994871 -18.26480604821202 29.20964556740244 5.368633809735469 -21.46962477344958 19.70011745470457 25.88952899782597 -27.44901878036191 -20.53958252682784 20.25271223309715 
337.43228
6121.769033545983
0.0051179528
0.056786847
0.852754
--------------------------------------------------------------------------------
Region op1, Group 1: FLOPS_DP
+-------------------+----------+
|    Region Info    |  Core 0  |
+-------------------+----------+
| RDTSC Runtime [s] | 0.000581 |
|     call count    |        1 |
+-------------------+----------+

+------------------------------------------+---------+---------+
|                   Event                  | Counter |  Core 0 |
+------------------------------------------+---------+---------+
|             INSTR_RETIRED_ANY            |  FIXC0  |  652049 |
|           CPU_CLK_UNHALTED_CORE          |  FIXC1  |  510870 |
|           CPU_CLK_UNHALTED_REF           |  FIXC2  | 1939578 |
| FP_ARITH_INST_RETIRED_128B_PACKED_DOUBLE |   PMC0  |     200 |
|    FP_ARITH_INST_RETIRED_SCALAR_DOUBLE   |   PMC1  |   75285 |
| FP_ARITH_INST_RETIRED_256B_PACKED_DOUBLE |   PMC2  |  143450 |
+------------------------------------------+---------+---------+

+----------------------+-----------+
|        Metric        |   Core 0  |
+----------------------+-----------+
|  Runtime (RDTSC) [s] |    0.0006 |
| Runtime unhalted [s] |    0.0001 |
|      Clock [MHz]     |  897.5268 |
|          CPI         |    0.7835 |
|      DP MFLOP/s      | 1118.4713 |
|    AVX DP MFLOP/s    |  988.1350 |
|    Packed MUOPS/s    |  247.3782 |
|    Scalar MUOPS/s    |  129.6475 |
|  Vectorization ratio |   65.6131 |
+----------------------+-----------+

Region op2, Group 1: FLOPS_DP
+-------------------+----------+
|    Region Info    |  Core 0  |
+-------------------+----------+
| RDTSC Runtime [s] | 0.000015 |
|     call count    |        1 |
+-------------------+----------+

+------------------------------------------+---------+--------+
|                   Event                  | Counter | Core 0 |
+------------------------------------------+---------+--------+
|             INSTR_RETIRED_ANY            |  FIXC0  |  20464 |
|           CPU_CLK_UNHALTED_CORE          |  FIXC1  |  21891 |
|           CPU_CLK_UNHALTED_REF           |  FIXC2  |  82928 |
| FP_ARITH_INST_RETIRED_128B_PACKED_DOUBLE |   PMC0  |      8 |
|    FP_ARITH_INST_RETIRED_SCALAR_DOUBLE   |   PMC1  |   1019 |
| FP_ARITH_INST_RETIRED_256B_PACKED_DOUBLE |   PMC2  |   3738 |
+------------------------------------------+---------+--------+

+----------------------+--------------+
|        Metric        |    Core 0    |
+----------------------+--------------+
|  Runtime (RDTSC) [s] | 1.500475e-05 |
| Runtime unhalted [s] | 6.424233e-06 |
|      Clock [MHz]     |     899.5156 |
|          CPI         |       1.0697 |
|      DP MFLOP/s      |    1065.4626 |
|    AVX DP MFLOP/s    |     996.4844 |
|    Packed MUOPS/s    |     249.6543 |
|    Scalar MUOPS/s    |      67.9118 |
|  Vectorization ratio |      78.6149 |
+----------------------+--------------+

