--------------------------------------------------------------------------------
CPU name:	Intel(R) Core(TM) i5-7500 CPU @ 3.40GHz
CPU type:	Intel Coffeelake processor
CPU clock:	3.41 GHz
--------------------------------------------------------------------------------
32
2291.642542254986 -1761.427028754754 -87.5288138921123 -189.0231135113217 -323.5369243932098 238.3655814612235 -290.808839796573 2486.404383927318 -1690.485587022192 89.52858894346961 -572.7616158420561 -54.36801858604198 244.0955399544966 -420.2438441860181 2558.723107599743 -1635.104984302354 80.38153742652088 -552.6919230588062 -272.8802357335615 464.1345573137623 -150.8698517685255 1983.740916813143 -1344.383957220918 52.4902024252228 -657.8440903648569 -97.68307537660485 328.2733887171875 -80.33757153043653 1985.958811322864 -1442.13034735311 -181.8588504382106 -336.775560255849 
1024.1664
54377.9832292619
8.1956387e-05
0.0089057317
0.21712101
--------------------------------------------------------------------------------
Region op1, Group 1: FLOPS_DP
+-------------------+----------+
|    Region Info    |  Core 0  |
+-------------------+----------+
| RDTSC Runtime [s] | 0.000005 |
|     call count    |        1 |
+-------------------+----------+

+------------------------------------------+---------+--------+
|                   Event                  | Counter | Core 0 |
+------------------------------------------+---------+--------+
|             INSTR_RETIRED_ANY            |  FIXC0  |  35172 |
|           CPU_CLK_UNHALTED_CORE          |  FIXC1  |  28634 |
|           CPU_CLK_UNHALTED_REF           |  FIXC2  |  27832 |
| FP_ARITH_INST_RETIRED_128B_PACKED_DOUBLE |   PMC0  |    200 |
|    FP_ARITH_INST_RETIRED_SCALAR_DOUBLE   |   PMC1  |   2685 |
| FP_ARITH_INST_RETIRED_256B_PACKED_DOUBLE |   PMC2  |   4300 |
+------------------------------------------+---------+--------+

+----------------------+--------------+
|        Metric        |    Core 0    |
+----------------------+--------------+
|  Runtime (RDTSC) [s] | 5.131826e-06 |
| Runtime unhalted [s] | 8.402080e-06 |
|      Clock [MHz]     |    3506.1687 |
|          CPI         |       0.8141 |
|      DP MFLOP/s      |    3952.7841 |
|    AVX DP MFLOP/s    |    3351.6335 |
|    Packed MUOPS/s    |     876.8809 |
|    Scalar MUOPS/s    |     523.2056 |
|  Vectorization ratio |      62.6305 |
+----------------------+--------------+

Region op2, Group 1: FLOPS_DP
+-------------------+----------+
|    Region Info    |  Core 0  |
+-------------------+----------+
| RDTSC Runtime [s] | 0.000000 |
|     call count    |        1 |
+-------------------+----------+

+------------------------------------------+---------+--------+
|                   Event                  | Counter | Core 0 |
+------------------------------------------+---------+--------+
|             INSTR_RETIRED_ANY            |  FIXC0  |   4463 |
|           CPU_CLK_UNHALTED_CORE          |  FIXC1  |   9733 |
|           CPU_CLK_UNHALTED_REF           |  FIXC2  |   9656 |
| FP_ARITH_INST_RETIRED_128B_PACKED_DOUBLE |   PMC0  |      8 |
|    FP_ARITH_INST_RETIRED_SCALAR_DOUBLE   |   PMC1  |     51 |
| FP_ARITH_INST_RETIRED_256B_PACKED_DOUBLE |   PMC2  |    108 |
+------------------------------------------+---------+--------+

+----------------------+--------------+
|        Metric        |    Core 0    |
+----------------------+--------------+
|  Runtime (RDTSC) [s] | 4.027034e-07 |
| Runtime unhalted [s] | 2.855956e-06 |
|      Clock [MHz]     |    3435.1419 |
|          CPI         |       2.1808 |
|      DP MFLOP/s      |    1239.1254 |
|    AVX DP MFLOP/s    |    1072.7498 |
|    Packed MUOPS/s    |     288.0532 |
|    Scalar MUOPS/s    |     126.6441 |
|  Vectorization ratio |      69.4611 |
+----------------------+--------------+

