--------------------------------------------------------------------------------
CPU name:	Intel(R) Core(TM) i5-7500 CPU @ 3.40GHz
CPU type:	Intel Coffeelake processor
CPU clock:	3.41 GHz
--------------------------------------------------------------------------------
32
2291.642542254986 -1761.427028754754 -87.5288138921123 -189.0231135113217 -323.5369243932098 238.3655814612235 -290.808839796573 2486.404383927318 -1690.485587022192 89.52858894346961 -572.7616158420561 -54.36801858604198 244.0955399544966 -420.2438441860181 2558.723107599743 -1635.104984302354 80.38153742652088 -552.6919230588062 -272.8802357335615 464.1345573137623 -150.8698517685255 1983.740916813143 -1344.383957220918 52.4902024252228 -657.8440903648569 -97.68307537660485 328.2733887171875 -80.33757153043653 1985.958811322864 -1442.13034735311 -181.8588504382106 -336.775560255849 
1024.1664
54377.9832292619
0.00031805038
0.031523384
0.82690603
--------------------------------------------------------------------------------
Region op1, Group 1: L3
+-------------------+----------+
|    Region Info    |  Core 0  |
+-------------------+----------+
| RDTSC Runtime [s] | 0.000019 |
|     call count    |        1 |
+-------------------+----------+

+-----------------------+---------+--------+
|         Event         | Counter | Core 0 |
+-----------------------+---------+--------+
|   INSTR_RETIRED_ANY   |  FIXC0  |  35093 |
| CPU_CLK_UNHALTED_CORE |  FIXC1  |  26867 |
|  CPU_CLK_UNHALTED_REF |  FIXC2  | 102098 |
|    L2_LINES_IN_ALL    |   PMC0  |    863 |
|     L2_TRANS_L2_WB    |   PMC1  |     56 |
+-----------------------+---------+--------+

+-------------------------------+--------------+
|             Metric            |    Core 0    |
+-------------------------------+--------------+
|      Runtime (RDTSC) [s]      | 1.920896e-05 |
|      Runtime unhalted [s]     | 7.883512e-06 |
|          Clock [MHz]          |     896.8120 |
|              CPI              |       0.7656 |
|  L3 load bandwidth [MBytes/s] |    2875.3248 |
|  L3 load data volume [GBytes] |       0.0001 |
| L3 evict bandwidth [MBytes/s] |     186.5796 |
| L3 evict data volume [GBytes] | 3.584000e-06 |
|    L3 bandwidth [MBytes/s]    |    3061.9044 |
|    L3 data volume [GBytes]    |       0.0001 |
+-------------------------------+--------------+

Region op2, Group 1: L3
+-------------------+----------+
|    Region Info    |  Core 0  |
+-------------------+----------+
| RDTSC Runtime [s] | 0.000002 |
|     call count    |        1 |
+-------------------+----------+

+-----------------------+---------+--------+
|         Event         | Counter | Core 0 |
+-----------------------+---------+--------+
|   INSTR_RETIRED_ANY   |  FIXC0  |   4356 |
| CPU_CLK_UNHALTED_CORE |  FIXC1  |  10938 |
|  CPU_CLK_UNHALTED_REF |  FIXC2  |  39902 |
|    L2_LINES_IN_ALL    |   PMC0  |    773 |
|     L2_TRANS_L2_WB    |   PMC1  |    104 |
+-----------------------+---------+--------+

+-------------------------------+--------------+
|             Metric            |    Core 0    |
+-------------------------------+--------------+
|      Runtime (RDTSC) [s]      | 1.866201e-06 |
|      Runtime unhalted [s]     | 3.209508e-06 |
|          Clock [MHz]          |     934.2061 |
|              CPI              |       2.5110 |
|  L3 load bandwidth [MBytes/s] |   26509.4703 |
|  L3 load data volume [GBytes] | 4.947200e-05 |
| L3 evict bandwidth [MBytes/s] |    3566.6040 |
| L3 evict data volume [GBytes] | 6.656000e-06 |
|    L3 bandwidth [MBytes/s]    |   30076.0743 |
|    L3 data volume [GBytes]    |       0.0001 |
+-------------------------------+--------------+

