--------------------------------------------------------------------------------
CPU name:	Intel(R) Core(TM) i5-7500 CPU @ 3.40GHz
CPU type:	Intel Coffeelake processor
CPU clock:	3.41 GHz
--------------------------------------------------------------------------------
32
1.160357486537803 0.8557088620462175 1.900263376149326 2.69401126729111 1.024994246367788 0.3431851129275708 -0.2730047201922551 1.371202179840219 0.1648466455615695 4.368256660963236 0.8945748763520655 1.718676946322133 0.7146394612026089 2.494552478869143 1.121397500047215 -0.239618079832456 2.016157175787486 1.821827767442913 2.427578899474823 2.583304478634216 0.2028046851155128 -4.778032173124843 6.951890916027292 5.236449231719798 37.02684768551269 -127.059060153489 10.13032858012185 9.480831945609385 8.683290727540422 -0.8163345730969251 -0.6666698886755863 0.3788934816037249 
1.6611118e-07
1.745674256591722e-08
0.00031304359
0.032381732
0.72849202
--------------------------------------------------------------------------------
Region op1, Group 1: L3
+-------------------+----------+
|    Region Info    |  Core 0  |
+-------------------+----------+
| RDTSC Runtime [s] | 0.000067 |
|     call count    |        1 |
+-------------------+----------+

+-----------------------+---------+--------+
|         Event         | Counter | Core 0 |
+-----------------------+---------+--------+
|   INSTR_RETIRED_ANY   |  FIXC0  | 114143 |
| CPU_CLK_UNHALTED_CORE |  FIXC1  |  69370 |
|  CPU_CLK_UNHALTED_REF |  FIXC2  | 263694 |
|    L2_LINES_IN_ALL    |   PMC0  |    964 |
|     L2_TRANS_L2_WB    |   PMC1  |     64 |
+-----------------------+---------+--------+

+-------------------------------+--------------+
|             Metric            |    Core 0    |
+-------------------------------+--------------+
|      Runtime (RDTSC) [s]      |       0.0001 |
|      Runtime unhalted [s]     | 2.035487e-05 |
|          Clock [MHz]          |     896.5506 |
|              CPI              |       0.6077 |
|  L3 load bandwidth [MBytes/s] |     922.1785 |
|  L3 load data volume [GBytes] |       0.0001 |
| L3 evict bandwidth [MBytes/s] |      61.2235 |
| L3 evict data volume [GBytes] | 4.096000e-06 |
|    L3 bandwidth [MBytes/s]    |     983.4020 |
|    L3 data volume [GBytes]    |       0.0001 |
+-------------------------------+--------------+

Region op2, Group 1: L3
+-------------------+----------+
|    Region Info    |  Core 0  |
+-------------------+----------+
| RDTSC Runtime [s] | 0.000003 |
|     call count    |        1 |
+-------------------+----------+

+-----------------------+---------+--------+
|         Event         | Counter | Core 0 |
+-----------------------+---------+--------+
|   INSTR_RETIRED_ANY   |  FIXC0  |   7230 |
| CPU_CLK_UNHALTED_CORE |  FIXC1  |  11185 |
|  CPU_CLK_UNHALTED_REF |  FIXC2  |  42742 |
|    L2_LINES_IN_ALL    |   PMC0  |    588 |
|     L2_TRANS_L2_WB    |   PMC1  |     61 |
+-----------------------+---------+--------+

+-------------------------------+--------------+
|             Metric            |    Core 0    |
+-------------------------------+--------------+
|      Runtime (RDTSC) [s]      | 3.072150e-06 |
|      Runtime unhalted [s]     | 3.281955e-06 |
|          Clock [MHz]          |     891.8350 |
|              CPI              |       1.5470 |
|  L3 load bandwidth [MBytes/s] |   12249.4019 |
|  L3 load data volume [GBytes] | 3.763200e-05 |
| L3 evict bandwidth [MBytes/s] |    1270.7713 |
| L3 evict data volume [GBytes] | 3.904000e-06 |
|    L3 bandwidth [MBytes/s]    |   13520.1732 |
|    L3 data volume [GBytes]    | 4.153600e-05 |
+-------------------------------+--------------+

