--------------------------------------------------------------------------------
CPU name:	Intel(R) Core(TM) i5-7500 CPU @ 3.40GHz
CPU type:	Intel Coffeelake processor
CPU clock:	3.41 GHz
--------------------------------------------------------------------------------
64
-0.1610990600530653 3.944920534824887 -0.538203131592472 7.494985730486831 3.517282192751991 1.513150481182558 -0.3266258967891783 0.6298386682468647 0.6616173071157858 1.996538969793133 0.1310424797242105 0.4065406490430502 5.528813477351425 -0.3363808083129015 0.6741943392613985 -0.5316015099395042 1.877318547843563 1.143822705497583 0.796879767143279 5.38311340750892 0.0849962757725478 -8.755150999069739 7.462214995842504 9.22506734752181 40.11757586017157 -131.215973952071 10.09527537888209 10.06894207006834 8.453312630810029 -2.976182371279998 -0.6319458247571689 4.290168679365513 12.97719902788052 11.08174771703372 -112.6126203291366 7.858900461485045 -0.3748937179958355 2.45861237947102 2.147156903100354 14.30505486722023 -2.374601849859406 -4.640907628698114 -1.070897024194646 2.092665251796925 0.4516306140324773 2.197594607014543 1.863989809127773 5.780879233722108 -0.700897175042699 -3.160026991447674 4.05359954087451 0.7046451519249782 2.890353764757601 1.408128918998502 0.09139348674673599 0.2963694260731162 3.02002489473348 2.525789376217688 1.240078749587426 -0.3590903593970894 16.46494768060712 0.3176429520640457 -1.968488042357916 1.331760513054187 
10.476688
3.715072161654613
8.2969666e-05
0.009854037
0.17891896
--------------------------------------------------------------------------------
Region op1, Group 1: L3
+-------------------+----------+
|    Region Info    |  Core 0  |
+-------------------+----------+
| RDTSC Runtime [s] | 0.000072 |
|     call count    |        1 |
+-------------------+----------+

+-----------------------+---------+--------+
|         Event         | Counter | Core 0 |
+-----------------------+---------+--------+
|   INSTR_RETIRED_ANY   |  FIXC0  | 375343 |
| CPU_CLK_UNHALTED_CORE |  FIXC1  | 276089 |
|  CPU_CLK_UNHALTED_REF |  FIXC2  | 255174 |
|    L2_LINES_IN_ALL    |   PMC0  |   1375 |
|     L2_TRANS_L2_WB    |   PMC1  |    126 |
+-----------------------+---------+--------+

+-------------------------------+--------------+
|             Metric            |    Core 0    |
+-------------------------------+--------------+
|      Runtime (RDTSC) [s]      |       0.0001 |
|      Runtime unhalted [s]     |       0.0001 |
|          Clock [MHz]          |    3687.3503 |
|              CPI              |       0.7356 |
|  L3 load bandwidth [MBytes/s] |    1227.1052 |
|  L3 load data volume [GBytes] |       0.0001 |
| L3 evict bandwidth [MBytes/s] |     112.4475 |
| L3 evict data volume [GBytes] | 8.064000e-06 |
|    L3 bandwidth [MBytes/s]    |    1339.5527 |
|    L3 data volume [GBytes]    |       0.0001 |
+-------------------------------+--------------+

Region op2, Group 1: L3
+-------------------+----------+
|    Region Info    |  Core 0  |
+-------------------+----------+
| RDTSC Runtime [s] | 0.000003 |
|     call count    |        1 |
+-------------------+----------+

+-----------------------+---------+--------+
|         Event         | Counter | Core 0 |
+-----------------------+---------+--------+
|   INSTR_RETIRED_ANY   |  FIXC0  |  17086 |
| CPU_CLK_UNHALTED_CORE |  FIXC1  |  19038 |
|  CPU_CLK_UNHALTED_REF |  FIXC2  |  17466 |
|    L2_LINES_IN_ALL    |   PMC0  |   1004 |
|     L2_TRANS_L2_WB    |   PMC1  |    107 |
+-----------------------+---------+--------+

+-------------------------------+--------------+
|             Metric            |    Core 0    |
+-------------------------------+--------------+
|      Runtime (RDTSC) [s]      | 2.807484e-06 |
|      Runtime unhalted [s]     | 5.586240e-06 |
|          Clock [MHz]          |    3714.7499 |
|              CPI              |       1.1142 |
|  L3 load bandwidth [MBytes/s] |   22887.3967 |
|  L3 load data volume [GBytes] |       0.0001 |
| L3 evict bandwidth [MBytes/s] |    2439.1947 |
| L3 evict data volume [GBytes] | 6.848000e-06 |
|    L3 bandwidth [MBytes/s]    |   25326.5914 |
|    L3 data volume [GBytes]    |       0.0001 |
+-------------------------------+--------------+

