--------------------------------------------------------------------------------
CPU name:	Intel(R) Core(TM) i5-7500 CPU @ 3.40GHz
CPU type:	Intel Coffeelake processor
CPU clock:	3.41 GHz
--------------------------------------------------------------------------------
128
-60.1906561197511 80.8641192780496 -37.90492446908444 19.9029619349568 8.664947608404097 4.001273135147724 16.7768400573283 -35.70396204704385 42.18118964880478 -24.41255272583066 27.08662907067321 -12.88773414178672 -15.3828163187839 5.711160152557198 0.5214975199458181 48.48838337746329 -27.06295504007269 -4.821722706731077 19.08142986129172 -17.34458511280587 2.787055898916583 14.82822496083799 4.295029310623422 9.638575450311349 -9.169206257698779 21.75812572433449 -26.21960664944802 15.64522435132855 10.69700829740063 -10.68291951346997 5.222603794252996 -9.247311581050811 14.39002408869379 -30.34092403312335 35.70551026694097 26.09893619085667 -5.918585308252259 2.715350306458647 -39.99555320854868 23.10954519721214 -19.45529950292875 26.55994009332067 24.97787106437441 -4.114149549005148 -32.23158886309583 -7.577277313971051 21.63942134372413 2.819946669891327 5.599771782769573 15.28228084435101 -4.859395002876902 -2.994573433395132 -38.7550095802851 3.629859146133159 35.84063374140742 7.245999906582444 16.61174210109721 1.424926924317161 -20.67344329427191 -19.71618248602032 3.427953357407954 38.49049213051558 -23.27023900803079 45.96347629945399 -36.75994115628054 -14.19476998501983 -31.66270449678212 12.81777468353681 56.56087736973626 -9.031270577268046 33.32983112418911 -7.416508796295354 -17.22074048816351 -27.41446602079045 -12.70024241534732 62.84043060901417 -36.13712095927136 11.42958851542204 -6.866626835046094 0.629167893383306 27.47875277818958 -32.93175371433738 56.01817006207862 -32.85423593718612 23.50680612248813 -3.610257382666115 -14.68023294887727 31.07027235362646 -56.82720329671932 70.66210573183761 -29.61136906573365 21.43141969747687 -4.850445746798001 -16.86380276073681 44.31130145324233 -58.49915102138485 61.69908581950681 -47.63830780628285 14.83444689738131 30.09995631988532 -8.624640062044044 32.83468662593577 -65.19446555459898 36.85518317235132 -33.56791675866613 -4.96368240907504 30.46104688832367 -1.867061077473001 32.88401028536107 -58.19972514737479 31.18224950564534 -18.2609315147123 -5.622853551210043 49.98747026084144 -23.7156923586352 32.85330033012139 -23.86794083266365 3.986919069428788 -17.71032286730557 -24.34686585626325 64.08175533918389 -13.81028615328381 18.30268932709589 -9.1899554283894 -4.548681411319096 -24.15247528854376 -15.93981363350978 67.02250811866232 
167.44819
2541.88787736503
0.00041699409
0.033334501
0.759817
--------------------------------------------------------------------------------
Region op1, Group 1: L2CACHE
+-------------------+----------+
|    Region Info    |  Core 0  |
+-------------------+----------+
| RDTSC Runtime [s] | 0.000069 |
|     call count    |        1 |
+-------------------+----------+

+-----------------------+---------+--------+
|         Event         | Counter | Core 0 |
+-----------------------+---------+--------+
|   INSTR_RETIRED_ANY   |  FIXC0  |  97407 |
| CPU_CLK_UNHALTED_CORE |  FIXC1  |  71063 |
|  CPU_CLK_UNHALTED_REF |  FIXC2  | 269516 |
| L2_TRANS_ALL_REQUESTS |   PMC0  |   3582 |
|     L2_RQSTS_MISS     |   PMC1  |   1098 |
+-----------------------+---------+--------+

+----------------------+--------------+
|        Metric        |    Core 0    |
+----------------------+--------------+
|  Runtime (RDTSC) [s] |       0.0001 |
| Runtime unhalted [s] | 2.085183e-05 |
|      Clock [MHz]     |     898.5833 |
|          CPI         |       0.7295 |
|    L2 request rate   |       0.0368 |
|     L2 miss rate     |       0.0113 |
|     L2 miss ratio    |       0.3065 |
+----------------------+--------------+

Region op2, Group 1: L2CACHE
+-------------------+----------+
|    Region Info    |  Core 0  |
+-------------------+----------+
| RDTSC Runtime [s] | 0.000004 |
|     call count    |        1 |
+-------------------+----------+

+-----------------------+---------+--------+
|         Event         | Counter | Core 0 |
+-----------------------+---------+--------+
|   INSTR_RETIRED_ANY   |  FIXC0  |   5915 |
| CPU_CLK_UNHALTED_CORE |  FIXC1  |  11547 |
|  CPU_CLK_UNHALTED_REF |  FIXC2  |  44162 |
| L2_TRANS_ALL_REQUESTS |   PMC0  |   2100 |
|     L2_RQSTS_MISS     |   PMC1  |    589 |
+-----------------------+---------+--------+

+----------------------+--------------+
|        Metric        |    Core 0    |
+----------------------+--------------+
|  Runtime (RDTSC) [s] | 4.046622e-06 |
| Runtime unhalted [s] | 3.388206e-06 |
|      Clock [MHz]     |     891.0863 |
|          CPI         |       1.9522 |
|    L2 request rate   |       0.3550 |
|     L2 miss rate     |       0.0996 |
|     L2 miss ratio    |       0.2805 |
+----------------------+--------------+

