--------------------------------------------------------------------------------
CPU name:	Intel(R) Core(TM) i5-7500 CPU @ 3.40GHz
CPU type:	Intel Coffeelake processor
CPU clock:	3.41 GHz
--------------------------------------------------------------------------------
64
14.74629449180775 129.9443401257699 -54.25454260564439 -133.0468926868658 43.14585667684678 -38.00776820292391 60.92202557202931 59.23837312814755 118.0895388800142 -61.46206685640063 -167.8866520489124 -26.83005893751938 -39.5026010967538 128.6338992341329 84.78681131352847 74.30364749579138 -12.36176081056725 -156.64639769255 -66.36547959167098 -46.699261614998 141.531917237643 83.52908290868123 19.43311156428743 35.99893239516332 -119.0867461731077 -127.3707548681892 -40.84919775595197 225.5348233780544 -14.24488677146468 70.92821968564454 25.53111176991467 -102.426770118047 -203.2051274800314 24.73891366781818 231.069122036699 -13.63991277751879 35.60858005054535 29.13784172054345 -75.62741105156631 -256.9176637350759 67.88911054485432 284.8066265161877 -49.5834821651403 5.478860112047757 -0.7861334482979383 -32.70916285017989 -257.629477525044 58.22414950432163 249.3935528769765 -7.242772745249807 32.65620321334414 -13.48222896212047 -61.26380750994268 -233.2355835874249 55.71787166891024 173.5742906902963 28.50440165258557 66.20399836568684 -14.49167025331548 -4.282036298679809 -289.1249021341532 69.66291810801421 139.4149958677259 87.63714917832316 
240.94836
6343.800684444688
9.0956688e-05
0.0093354995
0.22286302
--------------------------------------------------------------------------------
Region op1, Group 1: FLOPS_DP
+-------------------+----------+
|    Region Info    |  Core 0  |
+-------------------+----------+
| RDTSC Runtime [s] | 0.000009 |
|     call count    |        1 |
+-------------------+----------+

+------------------------------------------+---------+--------+
|                   Event                  | Counter | Core 0 |
+------------------------------------------+---------+--------+
|             INSTR_RETIRED_ANY            |  FIXC0  |  56172 |
|           CPU_CLK_UNHALTED_CORE          |  FIXC1  |  42262 |
|           CPU_CLK_UNHALTED_REF           |  FIXC2  |  42742 |
| FP_ARITH_INST_RETIRED_128B_PACKED_DOUBLE |   PMC0  |    200 |
|    FP_ARITH_INST_RETIRED_SCALAR_DOUBLE   |   PMC1  |   5085 |
| FP_ARITH_INST_RETIRED_256B_PACKED_DOUBLE |   PMC2  |   8900 |
+------------------------------------------+---------+--------+

+----------------------+--------------+
|        Metric        |    Core 0    |
+----------------------+--------------+
|  Runtime (RDTSC) [s] | 9.415166e-06 |
| Runtime unhalted [s] | 1.240087e-05 |
|      Clock [MHz]     |    3369.7150 |
|          CPI         |       0.7524 |
|      DP MFLOP/s      |    4363.7043 |
|    AVX DP MFLOP/s    |    3781.1335 |
|    Packed MUOPS/s    |     966.5257 |
|    Scalar MUOPS/s    |     540.0861 |
|  Vectorization ratio |      64.1523 |
+----------------------+--------------+

Region op2, Group 1: FLOPS_DP
+-------------------+----------+
|    Region Info    |  Core 0  |
+-------------------+----------+
| RDTSC Runtime [s] | 0.000000 |
|     call count    |        1 |
+-------------------+----------+

+------------------------------------------+---------+--------+
|                   Event                  | Counter | Core 0 |
+------------------------------------------+---------+--------+
|             INSTR_RETIRED_ANY            |  FIXC0  |   4998 |
|           CPU_CLK_UNHALTED_CORE          |  FIXC1  |  10105 |
|           CPU_CLK_UNHALTED_REF           |  FIXC2  |   9940 |
| FP_ARITH_INST_RETIRED_128B_PACKED_DOUBLE |   PMC0  |      8 |
|    FP_ARITH_INST_RETIRED_SCALAR_DOUBLE   |   PMC1  |     83 |
| FP_ARITH_INST_RETIRED_256B_PACKED_DOUBLE |   PMC2  |    228 |
+------------------------------------------+---------+--------+

+----------------------+--------------+
|        Metric        |    Core 0    |
+----------------------+--------------+
|  Runtime (RDTSC) [s] | 4.813840e-07 |
| Runtime unhalted [s] | 2.965093e-06 |
|      Clock [MHz]     |    3464.5585 |
|          CPI         |       2.0218 |
|      DP MFLOP/s      |    2100.1944 |
|    AVX DP MFLOP/s    |    1894.5374 |
|    Packed MUOPS/s    |     490.2531 |
|    Scalar MUOPS/s    |     172.4195 |
|  Vectorization ratio |      73.9812 |
+----------------------+--------------+

